Log file open, 07/26/17 13:23:48
LogInit:Display: Running engine for game: firstperson
LogPlatformFile: Not using cached read wrapper
LogInit:Display: RandInit(1055062493) SRandInit(1055062493).
LogTaskGraph: Started task graph with 5 named threads and 6 total threads with 1 sets of task threads.
LogStats: Stats thread started at 0.058272
LogPluginManager: Loaded Plugin Paper2D, From C:/Program Files (x86)/Epic Games/4.14/Engine/Plugins/2D/Paper2D/Paper2D.uplugin
LogPluginManager: Loaded Plugin LightPropagationVolume, From C:/Program Files (x86)/Epic Games/4.14/Engine/Plugins/Blendables/LightPropagationVolume/LightPropagationVolume.uplugin
LogPluginManager: Loaded Plugin BlankPlugin, From C:/Program Files (x86)/Epic Games/4.14/Engine/Plugins/Developer/BlankPlugin/BlankPlugin.uplugin
LogPluginManager: Loaded Plugin CodeLiteSourceCodeAccess, From C:/Program Files (x86)/Epic Games/4.14/Engine/Plugins/Developer/CodeLiteSourceCodeAccess/CodeLiteSourceCodeAccess.uplugin
LogPluginManager: Loaded Plugin GitSourceControl, From C:/Program Files (x86)/Epic Games/4.14/Engine/Plugins/Developer/GitSourceControl/GitSourceControl.uplugin
LogPluginManager: Loaded Plugin KDevelopSourceCodeAccess, From C:/Program Files (x86)/Epic Games/4.14/Engine/Plugins/Developer/KDevelopSourceCodeAccess/KDevelopSourceCodeAccess.uplugin
LogPluginManager: Loaded Plugin NullSourceCodeAccess, From C:/Program Files (x86)/Epic Games/4.14/Engine/Plugins/Developer/NullSourceCodeAccess/NullSourceCodeAccess.uplugin
LogPluginManager: Loaded Plugin OneSkyLocalizationService, From C:/Program Files (x86)/Epic Games/4.14/Engine/Plugins/Developer/OneSkyLocalizationService/OneSkyLocalizationService.uplugin
LogPluginManager: Loaded Plugin PerforceSourceControl, From C:/Program Files (x86)/Epic Games/4.14/Engine/Plugins/Developer/PerforceSourceControl/PerforceSourceControl.uplugin
LogPluginManager: Loaded Plugin SubversionSourceControl, From C:/Program Files (x86)/Epic Games/4.14/Engine/Plugins/Developer/SubversionSourceControl/SubversionSourceControl.uplugin
LogPluginManager: Loaded Plugin UObjectPlugin, From C:/Program Files (x86)/Epic Games/4.14/Engine/Plugins/Developer/UObjectPlugin/UObjectPlugin.uplugin
LogPluginManager: Loaded Plugin VisualStudioSourceCodeAccess, From C:/Program Files (x86)/Epic Games/4.14/Engine/Plugins/Developer/VisualStudioSourceCodeAccess/VisualStudioSourceCodeAccess.uplugin
LogPluginManager: Loaded Plugin XCodeSourceCodeAccess, From C:/Program Files (x86)/Epic Games/4.14/Engine/Plugins/Developer/XCodeSourceCodeAccess/XCodeSourceCodeAccess.uplugin
LogPluginManager: Loaded Plugin AudioCapture, From C:/Program Files (x86)/Epic Games/4.14/Engine/Plugins/Editor/AudioCapture/AudioCapture.uplugin
LogPluginManager: Loaded Plugin EpicSurvey, From C:/Program Files (x86)/Epic Games/4.14/Engine/Plugins/Editor/EpicSurvey/EpicSurvey.uplugin
LogPluginManager: Loaded Plugin MacGraphicsSwitching, From C:/Program Files (x86)/Epic Games/4.14/Engine/Plugins/Editor/MacGraphicsSwitching/MacGraphicsSwitching.uplugin
LogPluginManager: Loaded Plugin MobileLauncherProfileWizard, From C:/Program Files (x86)/Epic Games/4.14/Engine/Plugins/Editor/MobileLauncherProfileWizard/MobileLauncherProfileWizard.uplugin
LogPluginManager: Loaded Plugin PluginBrowser, From C:/Program Files (x86)/Epic Games/4.14/Engine/Plugins/Editor/PluginBrowser/PluginBrowser.uplugin
LogPluginManager: Loaded Plugin SpeedTreeImporter, From C:/Program Files (x86)/Epic Games/4.14/Engine/Plugins/Editor/SpeedTreeImporter/SpeedTreeImporter.uplugin
LogPluginManager: Loaded Plugin SuperSearchEditor, From C:/Program Files (x86)/Epic Games/4.14/Engine/Plugins/Editor/SuperSearchEditor/SuperSearchEditor.uplugin
LogPluginManager: Loaded Plugin AlembicImporter, From C:/Program Files (x86)/Epic Games/4.14/Engine/Plugins/Experimental/AlembicImporter/AlembicImporter.uplugin
LogPluginManager: Loaded Plugin BlueprintStats, From C:/Program Files (x86)/Epic Games/4.14/Engine/Plugins/Experimental/BlueprintStats/BlueprintStats.uplugin
LogPluginManager: Loaded Plugin CharacterAI, From C:/Program Files (x86)/Epic Games/4.14/Engine/Plugins/Experimental/CharacterAI/CharacterAI.uplugin
LogPluginManager: Loaded Plugin CodeEditor, From C:/Program Files (x86)/Epic Games/4.14/Engine/Plugins/Experimental/CodeEditor/CodeEditor.uplugin
LogPluginManager: Loaded Plugin CodeView, From C:/Program Files (x86)/Epic Games/4.14/Engine/Plugins/Experimental/CodeView/CodeView.uplugin
LogPluginManager: Loaded Plugin HTML5Networking, From C:/Program Files (x86)/Epic Games/4.14/Engine/Plugins/Experimental/HTML5Networking/HTML5Networking.uplugin
LogPluginManager: Loaded Plugin OSVR, From C:/Program Files (x86)/Epic Games/4.14/Engine/Plugins/Experimental/OSVR/OSVR.uplugin
LogPluginManager: Loaded Plugin Phya, From C:/Program Files (x86)/Epic Games/4.14/Engine/Plugins/Experimental/Phya/Phya.uplugin
LogPluginManager: Loaded Plugin SignificanceManager, From C:/Program Files (x86)/Epic Games/4.14/Engine/Plugins/Experimental/SignificanceManager/SignificanceManager.uplugin
LogPluginManager: Loaded Plugin SimpleHMD, From C:/Program Files (x86)/Epic Games/4.14/Engine/Plugins/Experimental/SimpleHMD/SimpleHMD.uplugin
LogPluginManager: Loaded Plugin StereoPanorama, From C:/Program Files (x86)/Epic Games/4.14/Engine/Plugins/Experimental/StereoPanorama/StereoPanorama.uplugin
LogPluginManager: Loaded Plugin StructBox, From C:/Program Files (x86)/Epic Games/4.14/Engine/Plugins/Experimental/StructBox/StructBox.uplugin
LogPluginManager: Loaded Plugin AndroidMedia, From C:/Program Files (x86)/Epic Games/4.14/Engine/Plugins/Media/AndroidMedia/AndroidMedia.uplugin
LogPluginManager: Loaded Plugin AvfMedia, From C:/Program Files (x86)/Epic Games/4.14/Engine/Plugins/Media/AvfMedia/AvfMedia.uplugin
LogPluginManager: Loaded Plugin MediaPlayerEditor, From C:/Program Files (x86)/Epic Games/4.14/Engine/Plugins/Media/MediaPlayerEditor/MediaPlayerEditor.uplugin
LogPluginManager: Loaded Plugin WmfMedia, From C:/Program Files (x86)/Epic Games/4.14/Engine/Plugins/Media/WmfMedia/WmfMedia.uplugin
LogPluginManager: Loaded Plugin MessagingDebugger, From C:/Program Files (x86)/Epic Games/4.14/Engine/Plugins/Messaging/MessagingDebugger/MessagingDebugger.uplugin
LogPluginManager: Loaded Plugin TcpMessaging, From C:/Program Files (x86)/Epic Games/4.14/Engine/Plugins/Messaging/TcpMessaging/TcpMessaging.uplugin
LogPluginManager: Loaded Plugin UdpMessaging, From C:/Program Files (x86)/Epic Games/4.14/Engine/Plugins/Messaging/UdpMessaging/UdpMessaging.uplugin
LogPluginManager: Loaded Plugin LevelSequenceEditor, From C:/Program Files (x86)/Epic Games/4.14/Engine/Plugins/MovieScene/LevelSequenceEditor/LevelSequenceEditor.uplugin
LogPluginManager: Loaded Plugin MatineeToLevelSequence, From C:/Program Files (x86)/Epic Games/4.14/Engine/Plugins/MovieScene/MatineeToLevelSequence/MatineeToLevelSequence.uplugin
LogPluginManager: Loaded Plugin NetcodeUnitTest, From C:/Program Files (x86)/Epic Games/4.14/Engine/Plugins/NetcodeUnitTest/NetcodeUnitTest/NetcodeUnitTest.uplugin
LogPluginManager: Loaded Plugin NUTUnrealEngine4, From C:/Program Files (x86)/Epic Games/4.14/Engine/Plugins/NetcodeUnitTest/NUTUnrealEngine4/NUTUnrealEngine4.uplugin
LogPluginManager: Loaded Plugin OnlineSubsystemGameCircle, From C:/Program Files (x86)/Epic Games/4.14/Engine/Plugins/Online/Android/OnlineSubsystemGameCircle/OnlineSubsystemGameCircle.uplugin
LogPluginManager: Loaded Plugin OnlineSubsystemGooglePlay, From C:/Program Files (x86)/Epic Games/4.14/Engine/Plugins/Online/Android/OnlineSubsystemGooglePlay/OnlineSubsystemGooglePlay.uplugin
LogPluginManager: Loaded Plugin OnlineSubsystemIOS, From C:/Program Files (x86)/Epic Games/4.14/Engine/Plugins/Online/IOS/OnlineSubsystemIOS/OnlineSubsystemIOS.uplugin
LogPluginManager: Loaded Plugin OnlineFramework, From C:/Program Files (x86)/Epic Games/4.14/Engine/Plugins/Online/OnlineFramework/OnlineFramework.uplugin
LogPluginManager: Loaded Plugin OnlineSubsystem, From C:/Program Files (x86)/Epic Games/4.14/Engine/Plugins/Online/OnlineSubsystem/OnlineSubsystem.uplugin
LogPluginManager: Loaded Plugin OnlineSubsystemAmazon, From C:/Program Files (x86)/Epic Games/4.14/Engine/Plugins/Online/OnlineSubsystemAmazon/OnlineSubsystemAmazon.uplugin
LogPluginManager: Loaded Plugin OnlineSubsystemFacebook, From C:/Program Files (x86)/Epic Games/4.14/Engine/Plugins/Online/OnlineSubsystemFacebook/OnlineSubsystemFacebook.uplugin
LogPluginManager: Loaded Plugin OnlineSubsystemNull, From C:/Program Files (x86)/Epic Games/4.14/Engine/Plugins/Online/OnlineSubsystemNull/OnlineSubsystemNull.uplugin
LogPluginManager: Loaded Plugin OnlineSubsystemOculus, From C:/Program Files (x86)/Epic Games/4.14/Engine/Plugins/Online/OnlineSubsystemOculus/OnlineSubsystemOculus.uplugin
LogPluginManager: Loaded Plugin OnlineSubsystemSteam, From C:/Program Files (x86)/Epic Games/4.14/Engine/Plugins/Online/OnlineSubsystemSteam/OnlineSubsystemSteam.uplugin
LogPluginManager: Loaded Plugin OnlineSubsystemUtils, From C:/Program Files (x86)/Epic Games/4.14/Engine/Plugins/Online/OnlineSubsystemUtils/OnlineSubsystemUtils.uplugin
LogPluginManager: Loaded Plugin IOSTapJoy, From C:/Program Files (x86)/Epic Games/4.14/Engine/Plugins/Runtime/Advertising/IOSTapJoy/IOSTapJoy.uplugin
LogPluginManager: Loaded Plugin AnalyticsBlueprintLibrary, From C:/Program Files (x86)/Epic Games/4.14/Engine/Plugins/Runtime/Analytics/AnalyticsBlueprintLibrary/AnalyticsBlueprintLibrary.uplugin
LogPluginManager: Loaded Plugin AnalyticsMulticast, From C:/Program Files (x86)/Epic Games/4.14/Engine/Plugins/Runtime/Analytics/AnalyticsMulticast/AnalyticsMulticast.uplugin
LogPluginManager: Loaded Plugin Apsalar, From C:/Program Files (x86)/Epic Games/4.14/Engine/Plugins/Runtime/Analytics/Apsalar/Apsalar.uplugin
LogPluginManager: Loaded Plugin FileLogging, From C:/Program Files (x86)/Epic Games/4.14/Engine/Plugins/Runtime/Analytics/FileLogging/FileLogging.uplugin
LogPluginManager: Loaded Plugin Flurry, From C:/Program Files (x86)/Epic Games/4.14/Engine/Plugins/Runtime/Analytics/Flurry/Flurry.uplugin
LogPluginManager: Loaded Plugin AndroidDeviceProfileSelector, From C:/Program Files (x86)/Epic Games/4.14/Engine/Plugins/Runtime/AndroidDeviceProfileSelector/AndroidDeviceProfileSelector.uplugin
LogPluginManager: Loaded Plugin AndroidMoviePlayer, From C:/Program Files (x86)/Epic Games/4.14/Engine/Plugins/Runtime/AndroidMoviePlayer/AndroidMoviePlayer.uplugin
LogPluginManager: Loaded Plugin AppleMoviePlayer, From C:/Program Files (x86)/Epic Games/4.14/Engine/Plugins/Runtime/AppleMoviePlayer/AppleMoviePlayer.uplugin
LogPluginManager: Loaded Plugin ArchVisCharacter, From C:/Program Files (x86)/Epic Games/4.14/Engine/Plugins/Runtime/ArchVisCharacter/ArchVisCharacter.uplugin
LogPluginManager: Loaded Plugin CableComponent, From C:/Program Files (x86)/Epic Games/4.14/Engine/Plugins/Runtime/CableComponent/CableComponent.uplugin
LogPluginManager: Loaded Plugin CustomMeshComponent, From C:/Program Files (x86)/Epic Games/4.14/Engine/Plugins/Runtime/CustomMeshComponent/CustomMeshComponent.uplugin
LogPluginManager: Loaded Plugin ExampleDeviceProfileSelector, From C:/Program Files (x86)/Epic Games/4.14/Engine/Plugins/Runtime/ExampleDeviceProfileSelector/ExampleDeviceProfileSelector.uplugin
LogPluginManager: Loaded Plugin GearVR, From C:/Program Files (x86)/Epic Games/4.14/Engine/Plugins/Runtime/GearVR/GearVR.uplugin
LogPluginManager: Loaded Plugin GoogleVRController, From C:/Program Files (x86)/Epic Games/4.14/Engine/Plugins/Runtime/GoogleVR/GoogleVRController/GoogleVRController.uplugin
LogPluginManager: Loaded Plugin GoogleVRHMD, From C:/Program Files (x86)/Epic Games/4.14/Engine/Plugins/Runtime/GoogleVR/GoogleVRHMD/GoogleVRHMD.uplugin
LogPluginManager: Loaded Plugin IOSDeviceProfileSelector, From C:/Program Files (x86)/Epic Games/4.14/Engine/Plugins/Runtime/IOSDeviceProfileSelector/IOSDeviceProfileSelector.uplugin
LogPluginManager: Loaded Plugin LeapMotion, From C:/Program Files (x86)/Epic Games/4.14/Engine/Plugins/Runtime/LeapMotion/LeapMotion.uplugin
LogPluginManager: Loaded Plugin LinuxDeviceProfileSelector, From C:/Program Files (x86)/Epic Games/4.14/Engine/Plugins/Runtime/LinuxDeviceProfileSelector/LinuxDeviceProfileSelector.uplugin
LogPluginManager: Loaded Plugin MIDIDevice, From C:/Program Files (x86)/Epic Games/4.14/Engine/Plugins/Runtime/MIDIDevice/MIDIDevice.uplugin
LogPluginManager: Loaded Plugin MobilePatchingUtils, From C:/Program Files (x86)/Epic Games/4.14/Engine/Plugins/Runtime/MobilePatchingUtils/MobilePatchingUtils.uplugin
LogPluginManager: Loaded Plugin Ansel, From C:/Program Files (x86)/Epic Games/4.14/Engine/Plugins/Runtime/Nvidia/Ansel/Ansel.uplugin
LogPluginManager: Loaded Plugin OculusAudio, From C:/Program Files (x86)/Epic Games/4.14/Engine/Plugins/Runtime/OculusAudio/OculusAudio.uplugin
LogPluginManager: Loaded Plugin OculusInput, From C:/Program Files (x86)/Epic Games/4.14/Engine/Plugins/Runtime/OculusInput/OculusInput.uplugin
LogPluginManager: Loaded Plugin OculusLibrary, From C:/Program Files (x86)/Epic Games/4.14/Engine/Plugins/Runtime/OculusLibrary/OculusLibrary.uplugin
LogPluginManager: Loaded Plugin OculusRift, From C:/Program Files (x86)/Epic Games/4.14/Engine/Plugins/Runtime/OculusRift/OculusRift.uplugin
LogPluginManager: Loaded Plugin Oodle, From C:/Program Files (x86)/Epic Games/4.14/Engine/Plugins/Runtime/PacketHandlers/CompressionComponents/Oodle/Oodle.uplugin
LogPluginManager: Loaded Plugin ProceduralMeshComponent, From C:/Program Files (x86)/Epic Games/4.14/Engine/Plugins/Runtime/ProceduralMeshComponent/ProceduralMeshComponent.uplugin
LogPluginManager: Loaded Plugin SoundMod, From C:/Program Files (x86)/Epic Games/4.14/Engine/Plugins/Runtime/SoundMod/SoundMod.uplugin
LogPluginManager: Loaded Plugin SoundVisualizations, From C:/Program Files (x86)/Epic Games/4.14/Engine/Plugins/Runtime/SoundVisualizations/SoundVisualizations.uplugin
LogPluginManager: Loaded Plugin SteamController, From C:/Program Files (x86)/Epic Games/4.14/Engine/Plugins/Runtime/Steam/SteamController/SteamController.uplugin
LogPluginManager: Loaded Plugin SteamVR, From C:/Program Files (x86)/Epic Games/4.14/Engine/Plugins/Runtime/Steam/SteamVR/SteamVR.uplugin
LogPluginManager: Loaded Plugin WebBrowserWidget, From C:/Program Files (x86)/Epic Games/4.14/Engine/Plugins/Runtime/WebBrowserWidget/WebBrowserWidget.uplugin
LogPluginManager: Loaded Plugin WindowsDeviceProfileSelector, From C:/Program Files (x86)/Epic Games/4.14/Engine/Plugins/Runtime/WindowsDeviceProfileSelector/WindowsDeviceProfileSelector.uplugin
LogPluginManager: Loaded Plugin WindowsMoviePlayer, From C:/Program Files (x86)/Epic Games/4.14/Engine/Plugins/Runtime/WindowsMoviePlayer/WindowsMoviePlayer.uplugin
LogPluginManager: Loaded Plugin ScriptPlugin, From C:/Program Files (x86)/Epic Games/4.14/Engine/Plugins/ScriptPlugin/ScriptPlugin.uplugin
LogPluginManager: Loaded Plugin SlateRemote, From C:/Program Files (x86)/Epic Games/4.14/Engine/Plugins/Slate/SlateRemote/SlateRemote.uplugin
LogPluginManager: Loaded Plugin EditorTests, From C:/Program Files (x86)/Epic Games/4.14/Engine/Plugins/Tests/EditorTests/EditorTests.uplugin
LogPluginManager: Loaded Plugin FbxAutomationTestBuilder, From C:/Program Files (x86)/Epic Games/4.14/Engine/Plugins/Tests/FbxAutomationTestBuilder/FbxAutomationTestBuilder.uplugin
LogPluginManager: Loaded Plugin FunctionalTestingEditor, From C:/Program Files (x86)/Epic Games/4.14/Engine/Plugins/Tests/FunctionalTestingEditor/FunctionalTestingEditor.uplugin
LogPluginManager: Loaded Plugin RuntimeTests, From C:/Program Files (x86)/Epic Games/4.14/Engine/Plugins/Tests/RuntimeTests/RuntimeTests.uplugin
LogPluginManager: Loaded Plugin ScreenshotTools, From C:/Program Files (x86)/Epic Games/4.14/Engine/Plugins/Tests/ScreenshotTools/ScreenshotTools.uplugin
LogInit: Using libcurl 7.47.1
LogInit:  - built for x86_64-pc-win32
LogInit:  - supports SSL with OpenSSL/1.0.2g
LogInit:  - supports HTTP deflate (compression) using libz 1.2.8
LogInit:  - other features:
LogInit:      CURL_VERSION_SSL
LogInit:      CURL_VERSION_LIBZ
LogInit:      CURL_VERSION_IPV6
LogInit:      CURL_VERSION_ASYNCHDNS
LogInit:      CURL_VERSION_LARGEFILE
LogInit:      CURL_VERSION_IDN
LogInit:  CurlRequestOptions (configurable via config and command line):
LogInit:  - bVerifyPeer = false  - Libcurl will NOT verify peer certificate
LogInit:  - bUseHttpProxy = false  - Libcurl will NOT use HTTP proxy
LogInit:  - bDontReuseConnections = false  - Libcurl will reuse connections
LogInit:  - CertBundlePath = nullptr  - Libcurl will use whatever was configured at build time.
LogInit: Build: ++UE4+Release-4.14-CL-3249277
LogInit: Engine Version: 4.14.3-3249277+++UE4+Release-4.14
LogInit: Compatible Engine Version: 4.14.0-3195953+++UE4+Release-4.14
LogInit: Net CL: 3195953
LogDevObjectVersion: Number of dev versions registered: 13
LogDevObjectVersion:   Dev-Blueprints (B0D832E4-1F89-4F0D-ACCF-7EB736FD4AA2): 7
LogDevObjectVersion:   Dev-Build (E1C64328-A22C-4D53-A36C-8E866417BD8C): 0
LogDevObjectVersion:   Dev-Core (375EC13C-06E4-48FB-B500-84F0262A717E): 1
LogDevObjectVersion:   Dev-Editor (E4B068ED-F494-42E9-A231-DA0B2E46BB41): 8
LogDevObjectVersion:   Dev-Framework (CFFC743F-43B0-4480-9391-14DF171D2073): 17
LogDevObjectVersion:   Dev-Mobile (B02B49B5-BB20-44E9-A304-32B752E40360): 0
LogDevObjectVersion:   Dev-Networking (A4E4105C-59A1-49B5-A7C5-40C4547EDFEE): 0
LogDevObjectVersion:   Dev-Online (39C831C9-5AE6-47DC-9A44-9C173E1C8E7C): 0
LogDevObjectVersion:   Dev-Physics (78F01B33-EBEA-4F98-B9B4-84EACCB95AA2): 0
LogDevObjectVersion:   Dev-Platform (6631380F-2D4D-43E0-8009-CF276956A95A): 0
LogDevObjectVersion:   Dev-Rendering (12F88B9F-8875-4AFC-A67C-D90C383ABD29): 12
LogDevObjectVersion:   Dev-Sequencer (7B5AE74C-D270-4C10-A958-57980B212A5A): 1
LogDevObjectVersion:   Dev-VR (D7296918-1DD6-4BDD-9DE2-64A83CC13884): 0
LogInit: Compiled (64-bit): Jan  6 2017 10:49:43
LogInit: Compiled with Visual C++: 19.00.23026.00
LogInit: Build Configuration: Development
LogInit: Branch Name: ++UE4+Release-4.14
LogInit: Command line: -EpicPortal 
LogInit: Base directory: C:/Program Files (x86)/Epic Games/4.14/Engine/Binaries/Win64/
LogInit: Installed Engine Build: 1
LogInit: Presizing for max 8388607 objects, including 0 objects not considered by GC, pre-allocating 0 bytes for permanent pool.
LogInit: Object subsystem initialized
[2017.07.26-17.23.49:243][  0]LogInit: Selected Device Profile: [Windows]
[2017.07.26-17.23.49:243][  0]LogInit: Applying CVar settings loaded from the selected device profile: [Windows]
[2017.07.26-17.23.49:254][  0]LogInit: Computer: IGMOH1380-10
[2017.07.26-17.23.49:254][  0]LogInit: User: IGMAdmin
[2017.07.26-17.23.49:254][  0]LogInit: CPU Page size=65536, Cores=2
[2017.07.26-17.23.49:254][  0]LogInit: High frequency timer resolution =3.328121 MHz
[2017.07.26-17.23.49:254][  0]LogMemory: Memory total: Physical=15.9GB (16GB approx)
[2017.07.26-17.23.49:254][  0]LogMemory: Platform Memory Stats for Windows
[2017.07.26-17.23.49:254][  0]LogMemory: Process Physical Memory: 263.72 MB used, 263.72 MB peak
[2017.07.26-17.23.49:254][  0]LogMemory: Process Virtual Memory: 262.50 MB used, 262.50 MB peak
[2017.07.26-17.23.49:254][  0]LogMemory: Physical Memory: 4079.78 MB used,  12245.91 MB free, 16325.69 MB total
[2017.07.26-17.23.49:254][  0]LogMemory: Virtual Memory: 674.54 MB used,  12245.91 MB free, 134217728.00 MB total
[2017.07.26-17.23.49:281][  0]LogTextLocalizationManager: No specific translations for ('en-US') exist, so ('en') translations will be used.
[2017.07.26-17.23.49:831][  0]LogD3D11RHI: D3D11 adapters:
[2017.07.26-17.23.49:864][  0]LogD3D11RHI:    0. 'NVIDIA GeForce GTX 1070' (Feature Level 11_0)
[2017.07.26-17.23.49:864][  0]LogD3D11RHI:       8145/0/8162 MB DedicatedVideo/DedicatedSystem/SharedSystem, Outputs:2, VendorId:0x10de
[2017.07.26-17.23.49:865][  0]LogD3D11RHI:    1. 'Microsoft Basic Render Driver' (Feature Level 11_0)
[2017.07.26-17.23.49:865][  0]LogD3D11RHI:       0/0/8162 MB DedicatedVideo/DedicatedSystem/SharedSystem, Outputs:0, VendorId:0x1414
[2017.07.26-17.23.49:865][  0]LogD3D11RHI: Chosen D3D11 Adapter: 0
[2017.07.26-17.23.49:868][  0]LogD3D11RHI: Creating new Direct3DDevice
[2017.07.26-17.23.49:868][  0]LogD3D11RHI:     GPU DeviceId: 0x1b81 (for the marketing name, search the web for "GPU Device Id")
[2017.07.26-17.23.49:868][  0]LogWindows: EnumDisplayDevices:
[2017.07.26-17.23.49:868][  0]LogWindows:    0. 'NVIDIA GeForce GTX 1070' (P:1 D:1)
[2017.07.26-17.23.49:869][  0]LogWindows:    1. 'NVIDIA GeForce GTX 1070' (P:0 D:1)
[2017.07.26-17.23.49:869][  0]LogWindows:    2. 'NVIDIA GeForce GTX 1070' (P:0 D:0)
[2017.07.26-17.23.49:869][  0]LogWindows:    3. 'NVIDIA GeForce GTX 1070' (P:0 D:0)
[2017.07.26-17.23.49:869][  0]LogWindows: DebugString: FoundDriverCount:4 
[2017.07.26-17.23.49:869][  0]LogD3D11RHI:     Adapter Name: NVIDIA GeForce GTX 1070
[2017.07.26-17.23.49:869][  0]LogD3D11RHI:   Driver Version: 376.33 (internal:21.21.13.7633, unified:376.33)
[2017.07.26-17.23.49:869][  0]LogD3D11RHI:      Driver Date: 12-11-2016
[2017.07.26-17.23.49:869][  0]LogRHI: Texture pool is 1361 MB (70% of 1945 MB)
[2017.07.26-17.23.49:883][  0]LogD3D11RHI: Async texture creation enabled
[2017.07.26-17.23.49:893][  0]LogD3D11RHI: GPU Timing Frequency: 1000.000000 (Debug: 2 1)
[2017.07.26-17.23.49:893][  0]LogShaderCompilers: Guid format shader working directory is 26 characters bigger than the processId version (D:/projects/firstperson/Intermediate/Shaders/WorkingDirectory/3676/).
[2017.07.26-17.23.49:894][  0]LogShaderCompilers: Cleaned the shader compiler working directory 'C:/Users/IGMAdmin/AppData/Local/Temp/UnrealShaderWorkingDir/22200F5A43EC2B0E134F098AC0E69D31/'.
[2017.07.26-17.23.49:894][  0]LogShaderCompilers:Display: Using Local Shader Compiler.
[2017.07.26-17.23.50:819][  0]LogTemp:Display: Loaded TP AllDesktopTargetPlatform
[2017.07.26-17.23.50:866][  0]LogTemp:Display: Loaded TP MacClientTargetPlatform
[2017.07.26-17.23.50:913][  0]LogTemp:Display: Loaded TP MacNoEditorTargetPlatform
[2017.07.26-17.23.50:961][  0]LogTemp:Display: Loaded TP MacServerTargetPlatform
[2017.07.26-17.23.51:011][  0]LogTemp:Display: Loaded TP MacTargetPlatform
[2017.07.26-17.23.51:059][  0]LogTemp:Display: Loaded TP WindowsClientTargetPlatform
[2017.07.26-17.23.51:107][  0]LogTemp:Display: Loaded TP WindowsNoEditorTargetPlatform
[2017.07.26-17.23.51:154][  0]LogTemp:Display: Loaded TP WindowsServerTargetPlatform
[2017.07.26-17.23.51:193][  0]LogTemp:Display: Loaded TP WindowsTargetPlatform
[2017.07.26-17.23.51:239][  0]LogTemp:Display: Loaded TP AndroidTargetPlatform
[2017.07.26-17.23.51:285][  0]LogTemp:Display: Loaded TP Android_ASTCTargetPlatform
[2017.07.26-17.23.51:331][  0]LogTemp:Display: Loaded TP Android_ATCTargetPlatform
[2017.07.26-17.23.51:376][  0]LogTemp:Display: Loaded TP Android_DXTTargetPlatform
[2017.07.26-17.23.51:422][  0]LogTemp:Display: Loaded TP Android_ETC1TargetPlatform
[2017.07.26-17.23.51:468][  0]LogTemp:Display: Loaded TP Android_ETC2TargetPlatform
[2017.07.26-17.23.51:560][  0]LogTemp:Display: Loaded TP Android_MultiTargetPlatform
[2017.07.26-17.23.51:560][  0]LogTemp:Display: Loaded TP Android_PVRTCTargetPlatform
[2017.07.26-17.23.51:592][  0]LogTemp:Display: Loaded TP HTML5TargetPlatform
[2017.07.26-17.23.51:667][  0]LogTemp:Display: Loaded TP IOSTargetPlatform
[2017.07.26-17.23.51:696][  0]LogTemp:Display: Loaded TP TVOSTargetPlatform
[2017.07.26-17.23.51:743][  0]LogTemp:Display: Loaded TP LinuxClientTargetPlatform
[2017.07.26-17.23.51:789][  0]LogTemp:Display: Loaded TP LinuxNoEditorTargetPlatform
[2017.07.26-17.23.51:834][  0]LogTemp:Display: Loaded TP LinuxServerTargetPlatform
[2017.07.26-17.23.51:881][  0]LogTemp:Display: Loaded TP LinuxTargetPlatform
[2017.07.26-17.23.51:881][  0]LogTargetPlatformManager:Display: Building Assets For Windows
[2017.07.26-17.23.52:207][  0]LogDerivedDataCache:Display: Max Cache Size: 512 MB
[2017.07.26-17.23.52:249][  0]LogDerivedDataCache: Loaded boot cache 0.04s 50MB C:/Users/IGMAdmin/AppData/Local/UnrealEngine/4.14/DerivedDataCache/Boot.ddc.
[2017.07.26-17.23.52:249][  0]LogDerivedDataCache:Display: Loaded Boot cache: C:/Users/IGMAdmin/AppData/Local/UnrealEngine/4.14/DerivedDataCache/Boot.ddc
[2017.07.26-17.23.52:250][  0]LogDerivedDataCache: FDerivedDataBackendGraph:  Pak pak cache file D:/projects/firstperson/DerivedDataCache/DDC.ddp not found, will not use a pak cache.
[2017.07.26-17.23.52:250][  0]LogDerivedDataCache: Unable to find inner node Pak for hierarchical cache Hierarchy.
[2017.07.26-17.23.52:250][  0]LogDerivedDataCache: FDerivedDataBackendGraph:  CompressedPak pak cache file D:/projects/firstperson/DerivedDataCache/Compressed.ddp not found, will not use a pak cache.
[2017.07.26-17.23.52:250][  0]LogDerivedDataCache: Unable to find inner node CompressedPak for hierarchical cache Hierarchy.
[2017.07.26-17.23.52:264][  0]LogDerivedDataCache:Display: Pak cache opened for reading ../../../Engine/DerivedDataCache/Compressed.ddp.
[2017.07.26-17.23.52:276][  0]LogDerivedDataCache: Using Local data cache path C:/Users/IGMAdmin/AppData/Local/UnrealEngine/Common/DerivedDataCache: Writable
[2017.07.26-17.23.52:445][  0]LogInit: Selected Device Profile: [Windows]
[2017.07.26-17.23.52:448][  0]LogContentStreaming: Texture pool size is 0.00 MB
[2017.07.26-17.23.52:621][  0]LogMeshUtilities: Using QuadricMeshReduction for automatic static mesh reduction
[2017.07.26-17.23.52:658][  0]LogSimplygon: Simplygon DLL not present - disabling.
[2017.07.26-17.23.52:697][  0]LogMeshUtilities: Using SimplygonSwarm for distributed automatic mesh merging
[2017.07.26-17.23.52:697][  0]LogMeshUtilities: No automatic skeletal mesh reduction module available
[2017.07.26-17.23.52:697][  0]LogMeshUtilities: No automatic mesh merging module available
[2017.07.26-17.23.53:119][  0]LogNetVersion: GetLocalNetworkVersion: CL: 3195953, ProjectName: firstperson, ProjectVersion: , EngineNetworkVersion: 2, GameNetworkVersion: 0, NetworkChecksum: 727337902
[2017.07.26-17.23.53:171][  0]LogAssetRegistry: FAssetRegistry took 0.0220 seconds to start up
[2017.07.26-17.23.53:210][  0]LogPackageLocalizationCache: Processed 3 localized package path(s) for 2 prioritized culture(s) in 0.017896 seconds
[2017.07.26-17.23.53:214][  0]LogUObjectArray: 31946 objects as part of root set at end of initial load.
[2017.07.26-17.23.53:214][  0]LogUObjectAllocator: 6935848 out of 0 bytes used by permanent object pool.
[2017.07.26-17.23.53:214][  0]LogUObjectArray: CloseDisregardForGC: 0/0 objects in disregard for GC pool
[2017.07.26-17.23.53:265][  0]LogInit: WinSock: version 1.1 (2.2), MaxSocks=32767, MaxUdp=65467
[2017.07.26-17.23.53:889][  0]LogSlate: Using Freetype 2.6.0
[2017.07.26-17.23.53:889][  0]LogSlate: SlateFontCache - WITH_FREETYPE: 1, WITH_HARFBUZZ: 1
[2017.07.26-17.23.53:889][  0]LogSlate: SlateFontCache - WITH_FREETYPE: 1, WITH_HARFBUZZ: 1
[2017.07.26-17.23.54:547][  0]LogTcpMessaging: Initializing TcpMessaging bridge
[2017.07.26-17.23.54:582][  0]LogUdpMessaging: Initializing bridge on interface 0.0.0.0:0 to multicast group 230.0.0.1:6666.
[2017.07.26-17.23.54:851][  0]LogMaterial: Uniform references updated for custom material expression Custom.
[2017.07.26-17.23.55:174][  0]SourceControl: Info Source control is disabled
[2017.07.26-17.23.55:206][  0]SourceControl: Info Source control is disabled
[2017.07.26-17.23.55:246][  0]SourceControl: Info Source control is disabled
[2017.07.26-17.23.55:285][  0]SourceControl: Info Source control is disabled
[2017.07.26-17.23.56:350][  0]LogEngine: Initializing Engine...
[2017.07.26-17.23.56:350][  0]LogHMD: Failed to initialize OpenVR with code 110
[2017.07.26-17.23.56:557][  0]LogAIModule: Creating AISystem for world Untitled
[2017.07.26-17.23.56:573][  0]LogInit: XAudio2 using 'DELL ST2320L-C (NVIDIA High Definition Audio)' : 2 channels at 48 kHz using 16 bits per sample (channel mask 0x3)
[2017.07.26-17.23.56:588][  0]LogInit: FAudioDevice initialized.
[2017.07.26-17.23.56:610][  0]LogDerivedDataCache: Saved boot cache 0.02s 50MB C:/Users/IGMAdmin/AppData/Local/UnrealEngine/4.14/DerivedDataCache/Boot.ddc.
[2017.07.26-17.23.56:617][  0]LogInit: Texture streaming: Enabled
[2017.07.26-17.23.56:769][  0]LogInit: Transaction tracking system initialized
[2017.07.26-17.23.57:066][  0]BlueprintLog: New page: Editor Load
[2017.07.26-17.23.57:814][  0]LocalizationService: Info Localization service is disabled
[2017.07.26-17.23.58:374][  0]LogConsoleResponse:Display: 
[2017.07.26-17.23.58:500][  0]LogCook:Display: Max memory allowance for cook 16384mb min free memory 0mb
[2017.07.26-17.23.58:500][  0]LogCook:Display: Mobile HDR setting 1
[2017.07.26-17.23.58:719][  0]LogFileCache: Scanning file cache for directory 'D:/projects/firstperson/Content/' took 0.01s
[2017.07.26-17.23.59:305][  0]SourceControl: Info Source control is disabled
[2017.07.26-17.23.59:305][  0]Cmd: MAP LOAD FILE="D:/projects/firstperson/Content/FirstPersonBP/Maps/FirstPersonExampleMap.umap" TEMPLATE=0 SHOWPROGRESS=1 FEATURELEVEL=3
[2017.07.26-17.23.59:306][  0]LightingResults: New page: Lighting Build
[2017.07.26-17.23.59:341][  0]MapCheck: New page: Map Check
[2017.07.26-17.23.59:341][  0]LightingResults: New page: Lighting Build
[2017.07.26-17.23.59:766][  0]LogAIModule: Creating AISystem for world FirstPersonExampleMap
[2017.07.26-17.23.59:776][  0]LogEditorServer: Finished looking for orphan Actors (0.000 secs)
[2017.07.26-17.23.59:776][  0]Cmd: MAP CHECKDEP NOCLEARLOG
[2017.07.26-17.23.59:814][  0]MapCheck: Info Map check complete: 0 Error(s), 0 Warning(s), took 37.741ms to complete.
[2017.07.26-17.23.59:814][  0]LogFileHelpers: Loading map 'FirstPersonExampleMap' took 0.509
[2017.07.26-17.23.59:874][  0]LogWindowsTextInputMethodSystem:Display: IME system now deactivated.
[2017.07.26-17.23.59:939][  0]LogCollectionManager: Loaded 0 collections in 0.001247 seconds
[2017.07.26-17.24.00:014][  0]LogFileCache: Scanning file cache for directory 'D:/projects/firstperson/Saved/Collections/' took 0.01s
[2017.07.26-17.24.00:014][  0]LogFileCache: Scanning file cache for directory 'D:/projects/firstperson/Content/Developers/IGMAdmin/Collections/' took 0.01s
[2017.07.26-17.24.00:014][  0]LogFileCache: Scanning file cache for directory 'D:/projects/firstperson/Content/Collections/' took 0.01s
[2017.07.26-17.24.00:014][  0]LogCollectionManager: Rebuilt the GUID cache for 0 collections in 0.000002 seconds
[2017.07.26-17.24.00:022][  0]LogContentBrowser: Native class hierarchy populated in 0.0078 seconds. Added 2190 classes and 428 folders.
[2017.07.26-17.24.00:059][  0]LogStats: UGameplayTagsManager::ConstructGameplayTagTree: Construct from data asset -  0.000 s
[2017.07.26-17.24.00:059][  0]LogStats: UGameplayTagsManager::ConstructGameplayTagTree: GameplayTagTreeChangedEvent.Broadcast -  0.000 s
[2017.07.26-17.24.00:059][  0]LogContentBrowser: Native class hierarchy updated for 'GameplayTags' in 0.0005 seconds. Added 13 classes and 0 folders.
[2017.07.26-17.24.00:111][  0]LogContentBrowser: Native class hierarchy updated for 'WidgetCarousel' in 0.0004 seconds. Added 0 classes and 0 folders.
[2017.07.26-17.24.00:142][  0]LogContentBrowser: Native class hierarchy updated for 'AddContentDialog' in 0.0004 seconds. Added 0 classes and 0 folders.
[2017.07.26-17.24.00:179][  0]LogContentBrowser: Native class hierarchy updated for 'SceneOutliner' in 0.0004 seconds. Added 1 classes and 2 folders.
[2017.07.26-17.24.00:211][  0]LogCrashTracker: Crashtracker disabled due to settings.
[2017.07.26-17.24.00:216][  0]LogUObjectGlobals:Warning: Failed to find object 'Class None.'
[2017.07.26-17.24.00:278][  0]LogContentBrowser: Native class hierarchy updated for 'HierarchicalLODOutliner' in 0.0004 seconds. Added 1 classes and 2 folders.
[2017.07.26-17.24.00:279][  0]LogLoad: (Engine Initialization) Total time: 12.30 seconds
[2017.07.26-17.24.00:279][  0]LogLoad: (Engine Initialization) Total Blueprint compile time: 0.15 seconds
[2017.07.26-17.24.00:279][  0]LogExternalProfiler: Found external profiler: VSPerf
[2017.07.26-17.24.00:279][  0]LogExternalProfiler: Using external profiler: VSPerf
[2017.07.26-17.24.00:288][  0]LogOcInput: OculusInput pre-init called
[2017.07.26-17.24.00:305][  0]LogContentStreaming: Texture pool size now 1000 MB
[2017.07.26-17.24.00:427][  0]LogRenderer: Reallocating scene render targets to support 1208x576 NumSamples 1 (Frame:2).
[2017.07.26-17.24.00:495][  1]LogAssetRegistry: Asset discovery search completed in 7.3459 seconds
[2017.07.26-17.24.00:495][  1]LogCollectionManager: Rebuilt the object cache for 0 collections in 0.000000 seconds (found 0 objects)
[2017.07.26-17.24.00:495][  1]LogCollectionManager: Fixed up redirectors for 0 collections in 0.000013 seconds (updated 0 objects)
[2017.07.26-17.24.05:114][543]LogTemp: Repeting last play command: Selected Viewport
[2017.07.26-17.24.05:123][543]LogBlueprintUserMessages: Early PlayInEditor Detection: Level '/Game/FirstPersonBP/Maps/FirstPersonExampleMap.FirstPersonExampleMap:PersistentLevel' has LevelScriptBlueprint '/Game/FirstPersonBP/Maps/FirstPersonExampleMap.FirstPersonExampleMap:PersistentLevel.FirstPersonExampleMap' with GeneratedClass '/Game/FirstPersonBP/Maps/FirstPersonExampleMap.FirstPersonExampleMap_C' with ClassGeneratedBy '/Game/FirstPersonBP/Maps/FirstPersonExampleMap.FirstPersonExampleMap:PersistentLevel.FirstPersonExampleMap'
[2017.07.26-17.24.05:123][543]LogPlayLevel: PlayLevel: No blueprints needed recompiling
[2017.07.26-17.24.05:123][543]PIE: New page: PIE session: FirstPersonExampleMap (Jul 26, 2017, 9:24:05 AM)
[2017.07.26-17.24.05:123][543]LogPlayLevel: Creating play world package: /Game/FirstPersonBP/Maps/UEDPIE_0_FirstPersonExampleMap
[2017.07.26-17.24.05:145][543]LogPlayLevel: PIE: StaticDuplicateObject took: (0.021607s)
[2017.07.26-17.24.05:146][543]LogAIModule: Creating AISystem for world FirstPersonExampleMap
[2017.07.26-17.24.05:146][543]LogPlayLevel: PIE: World Init took: (0.000792s)
[2017.07.26-17.24.05:146][543]LogPlayLevel: PIE: Created PIE world by copying editor world from /Game/FirstPersonBP/Maps/FirstPersonExampleMap.FirstPersonExampleMap to /Game/FirstPersonBP/Maps/UEDPIE_0_FirstPersonExampleMap.FirstPersonExampleMap (0.022631s)
[2017.07.26-17.24.05:176][543]LogInit: XAudio2 using 'DELL ST2320L-C (NVIDIA High Definition Audio)' : 2 channels at 48 kHz using 16 bits per sample (channel mask 0x3)
[2017.07.26-17.24.05:180][543]LogInit: FAudioDevice initialized.
[2017.07.26-17.24.05:224][543]LogLoad: Game class is 'FirstPersonGameMode_C'
[2017.07.26-17.24.05:226][543]LogWorld: Bringing World /Game/FirstPersonBP/Maps/UEDPIE_0_FirstPersonExampleMap.FirstPersonExampleMap up for play (max tick rate 0) at 2017.07.26-13.24.05
[2017.07.26-17.24.05:226][543]LogWorld: Bringing up level for play took: 0.001830
[2017.07.26-17.24.05:263][543]LogContentBrowser: Native class hierarchy updated for 'MovieSceneCapture' in 0.0004 seconds. Added 11 classes and 0 folders.
[2017.07.26-17.24.05:264][543]PIE: Info Play in editor start time for /Game/FirstPersonBP/Maps/UEDPIE_0_FirstPersonExampleMap 0.008
[2017.07.26-17.24.05:264][543]LogBlueprintUserMessages: Late PlayInEditor Detection: Level '/Game/FirstPersonBP/Maps/FirstPersonExampleMap.FirstPersonExampleMap:PersistentLevel' has LevelScriptBlueprint '/Game/FirstPersonBP/Maps/FirstPersonExampleMap.FirstPersonExampleMap:PersistentLevel.FirstPersonExampleMap' with GeneratedClass '/Game/FirstPersonBP/Maps/FirstPersonExampleMap.FirstPersonExampleMap_C' with ClassGeneratedBy '/Game/FirstPersonBP/Maps/FirstPersonExampleMap.FirstPersonExampleMap:PersistentLevel.FirstPersonExampleMap'
[2017.07.26-17.24.07:003][747]LogBlueprintUserMessages: Early EndPlayMap Detection: Level '/Game/FirstPersonBP/Maps/FirstPersonExampleMap.FirstPersonExampleMap:PersistentLevel' has LevelScriptBlueprint '/Game/FirstPersonBP/Maps/FirstPersonExampleMap.FirstPersonExampleMap:PersistentLevel.FirstPersonExampleMap' with GeneratedClass '/Game/FirstPersonBP/Maps/FirstPersonExampleMap.FirstPersonExampleMap_C' with ClassGeneratedBy '/Game/FirstPersonBP/Maps/FirstPersonExampleMap.FirstPersonExampleMap:PersistentLevel.FirstPersonExampleMap'
[2017.07.26-17.24.07:036][747]LogBlueprintUserMessages: Late EndPlayMap Detection: Level '/Game/FirstPersonBP/Maps/FirstPersonExampleMap.FirstPersonExampleMap:PersistentLevel' has LevelScriptBlueprint '/Game/FirstPersonBP/Maps/FirstPersonExampleMap.FirstPersonExampleMap:PersistentLevel.FirstPersonExampleMap' with GeneratedClass '/Game/FirstPersonBP/Maps/FirstPersonExampleMap.FirstPersonExampleMap_C' with ClassGeneratedBy '/Game/FirstPersonBP/Maps/FirstPersonExampleMap.FirstPersonExampleMap:PersistentLevel.FirstPersonExampleMap'
[2017.07.26-17.24.17:311][922]LogContentBrowser: Native class hierarchy updated for 'BlueprintGraph' in 0.0007 seconds. Added 111 classes and 0 folders.
[2017.07.26-17.24.24:057][299]LogRenderer: Reallocating scene render targets to support 1208x712 NumSamples 1 (Frame:2396).
[2017.07.26-17.27.07:927][811]LogTexture:Display: Building textures: T_Blade_ChickenBlade1_D (AutoDXT)
[2017.07.26-17.27.08:188][811]LogTexture:Display: Building textures: T_Blade_ChickenBlade2_D (AutoDXT)
[2017.07.26-17.27.08:439][811]LogTexture:Display: Building textures: T_Blade_ChickenBlade1_N (BC5)
[2017.07.26-17.27.08:483][811]LogTexture:Display: Building textures: T_Blade_ChickenBlade2_N (BC5)
[2017.07.26-17.27.08:520][811]LogMaterial: Missing cached shader map for material M_Blade_ChickenBlade, compiling. 
[2017.07.26-17.28.04:541][145]BlueprintLog: New page: Compile BP_FirstPersonPlayer
[2017.07.26-17.28.05:556][194]Cmd: OBJ SAVEPACKAGE PACKAGE="/Game/KOC/Blueprints/BP_FirstPersonPlayer" FILE="D:/projects/firstperson/Content/KOC/Blueprints/BP_FirstPersonPlayer.uasset" SILENT=true
[2017.07.26-17.28.05:615][194]LogSavePackage: Save=52.79ms
[2017.07.26-17.28.05:615][194]LogSavePackage: Moving 'D:/projects/firstperson/Saved/BP_FirstPersonPlayerF13ACBE946D755A19D9CB399F6AC1AF0.tmp' to 'D:/projects/firstperson/Content/KOC/Blueprints/BP_FirstPersonPlayer.uasset'
[2017.07.26-17.28.05:618][194]LogSavePackage:Display: Finished SavePackage D:/projects/firstperson/Content/KOC/Blueprints/BP_FirstPersonPlayer.uasset
[2017.07.26-17.28.08:103][445]LogEditorViewport: Clicking on Actor (LMB): BP_FirstPersonPlayer_BK_C (FirstPersonCharacter)
[2017.07.26-17.28.09:389][551]Cmd: DELETE
[2017.07.26-17.28.09:389][551]Cmd: ACTOR DELETE
[2017.07.26-17.28.09:391][551]LogEditorActor: Deleted Actor: BP_FirstPersonPlayer_BK_C
[2017.07.26-17.28.09:446][551]LogEditorActor: Deleted 1 Actors (0.056 secs)
[2017.07.26-17.28.46:983][505]BlueprintLog: New page: Compile BP_FirstPersonProjectile
[2017.07.26-17.28.48:218][623]Cmd: OBJ SAVEPACKAGE PACKAGE="/Game/KOC/Blueprints/BP_FirstPersonProjectile" FILE="D:/projects/firstperson/Content/KOC/Blueprints/BP_FirstPersonProjectile.uasset" SILENT=true
[2017.07.26-17.28.48:244][623]LogSavePackage: Save=20.75ms
[2017.07.26-17.28.48:244][623]LogSavePackage: Moving 'D:/projects/firstperson/Saved/BP_FirstPersonProjectileE6821A784B3E1594BE96879EB80767D8.tmp' to 'D:/projects/firstperson/Content/KOC/Blueprints/BP_FirstPersonProjectile.uasset'
[2017.07.26-17.28.48:246][623]LogSavePackage:Display: Finished SavePackage D:/projects/firstperson/Content/KOC/Blueprints/BP_FirstPersonProjectile.uasset
[2017.07.26-17.29.03:990][386]BlueprintLog: New page: Compile FirstPersonGameMode
[2017.07.26-17.29.04:508][429]Cmd: OBJ SAVEPACKAGE PACKAGE="/Game/KOC/Gamemode/FirstPersonGameMode" FILE="D:/projects/firstperson/Content/KOC/Gamemode/FirstPersonGameMode.uasset" SILENT=true
[2017.07.26-17.29.04:522][429]LogSavePackage: Save=7.99ms
[2017.07.26-17.29.04:522][429]LogSavePackage: Moving 'D:/projects/firstperson/Saved/FirstPersonGameMode208A8E234AAE73E97D7A7DB01826A4ED.tmp' to 'D:/projects/firstperson/Content/KOC/Gamemode/FirstPersonGameMode.uasset'
[2017.07.26-17.29.04:524][429]LogSavePackage:Display: Finished SavePackage D:/projects/firstperson/Content/KOC/Gamemode/FirstPersonGameMode.uasset
[2017.07.26-17.29.06:258][626]LogEditorViewport: Clicking on Actor (LMB): StaticMeshActor (Floor)
[2017.07.26-17.29.06:873][681]LogTemp: Repeting last play command: Selected Viewport
[2017.07.26-17.29.06:888][681]LogBlueprintUserMessages: Early PlayInEditor Detection: Level '/Game/FirstPersonBP/Maps/FirstPersonExampleMap.FirstPersonExampleMap:PersistentLevel' has LevelScriptBlueprint '/Game/FirstPersonBP/Maps/FirstPersonExampleMap.FirstPersonExampleMap:PersistentLevel.FirstPersonExampleMap' with GeneratedClass '/Game/FirstPersonBP/Maps/FirstPersonExampleMap.FirstPersonExampleMap_C' with ClassGeneratedBy '/Game/FirstPersonBP/Maps/FirstPersonExampleMap.FirstPersonExampleMap:PersistentLevel.FirstPersonExampleMap'
[2017.07.26-17.29.06:888][681]LogPlayLevel: PlayLevel: No blueprints needed recompiling
[2017.07.26-17.29.06:888][681]PIE: New page: PIE session: FirstPersonExampleMap (Jul 26, 2017, 9:29:06 AM)
[2017.07.26-17.29.06:888][681]LogPlayLevel: Creating play world package: /Game/FirstPersonBP/Maps/UEDPIE_0_FirstPersonExampleMap
[2017.07.26-17.29.06:905][681]LogPlayLevel: PIE: StaticDuplicateObject took: (0.017044s)
[2017.07.26-17.29.06:906][681]LogAIModule: Creating AISystem for world FirstPersonExampleMap
[2017.07.26-17.29.06:906][681]LogPlayLevel: PIE: World Init took: (0.000815s)
[2017.07.26-17.29.06:906][681]LogPlayLevel: PIE: Created PIE world by copying editor world from /Game/FirstPersonBP/Maps/FirstPersonExampleMap.FirstPersonExampleMap to /Game/FirstPersonBP/Maps/UEDPIE_0_FirstPersonExampleMap.FirstPersonExampleMap (0.018136s)
[2017.07.26-17.29.06:946][681]LogInit: XAudio2 using 'DELL ST2320L-C (NVIDIA High Definition Audio)' : 2 channels at 48 kHz using 16 bits per sample (channel mask 0x3)
[2017.07.26-17.29.06:950][681]LogInit: FAudioDevice initialized.
[2017.07.26-17.29.06:979][681]LogLoad: Game class is 'FirstPersonGameMode_C'
[2017.07.26-17.29.06:980][681]LogWorld: Bringing World /Game/FirstPersonBP/Maps/UEDPIE_0_FirstPersonExampleMap.FirstPersonExampleMap up for play (max tick rate 0) at 2017.07.26-13.29.06
[2017.07.26-17.29.06:980][681]LogWorld: Bringing up level for play took: 0.001047
[2017.07.26-17.29.06:984][681]PIE: Info Play in editor start time for /Game/FirstPersonBP/Maps/UEDPIE_0_FirstPersonExampleMap -0.267
[2017.07.26-17.29.06:984][681]LogBlueprintUserMessages: Late PlayInEditor Detection: Level '/Game/FirstPersonBP/Maps/FirstPersonExampleMap.FirstPersonExampleMap:PersistentLevel' has LevelScriptBlueprint '/Game/FirstPersonBP/Maps/FirstPersonExampleMap.FirstPersonExampleMap:PersistentLevel.FirstPersonExampleMap' with GeneratedClass '/Game/FirstPersonBP/Maps/FirstPersonExampleMap.FirstPersonExampleMap_C' with ClassGeneratedBy '/Game/FirstPersonBP/Maps/FirstPersonExampleMap.FirstPersonExampleMap:PersistentLevel.FirstPersonExampleMap'
[2017.07.26-17.29.11:478][190]LogBlueprintUserMessages: Early EndPlayMap Detection: Level '/Game/FirstPersonBP/Maps/FirstPersonExampleMap.FirstPersonExampleMap:PersistentLevel' has LevelScriptBlueprint '/Game/FirstPersonBP/Maps/FirstPersonExampleMap.FirstPersonExampleMap:PersistentLevel.FirstPersonExampleMap' with GeneratedClass '/Game/FirstPersonBP/Maps/FirstPersonExampleMap.FirstPersonExampleMap_C' with ClassGeneratedBy '/Game/FirstPersonBP/Maps/FirstPersonExampleMap.FirstPersonExampleMap:PersistentLevel.FirstPersonExampleMap'
[2017.07.26-17.29.11:522][190]LogBlueprintUserMessages: Late EndPlayMap Detection: Level '/Game/FirstPersonBP/Maps/FirstPersonExampleMap.FirstPersonExampleMap:PersistentLevel' has LevelScriptBlueprint '/Game/FirstPersonBP/Maps/FirstPersonExampleMap.FirstPersonExampleMap:PersistentLevel.FirstPersonExampleMap' with GeneratedClass '/Game/FirstPersonBP/Maps/FirstPersonExampleMap.FirstPersonExampleMap_C' with ClassGeneratedBy '/Game/FirstPersonBP/Maps/FirstPersonExampleMap.FirstPersonExampleMap:PersistentLevel.FirstPersonExampleMap'
[2017.07.26-17.29.17:228][744]Cmd: OBJ SAVEPACKAGE PACKAGE="/Game/KOC/Blueprints/BP_FirstPersonProjectile" FILE="D:/projects/firstperson/Content/KOC/Blueprints/BP_FirstPersonProjectile.uasset" SILENT=true
[2017.07.26-17.29.17:243][744]LogSavePackage: Save=13.69ms
[2017.07.26-17.29.17:243][744]LogSavePackage: Moving 'D:/projects/firstperson/Saved/BP_FirstPersonProjectile63F9CCFB4373C7D0689A1585E013F68A.tmp' to 'D:/projects/firstperson/Content/KOC/Blueprints/BP_FirstPersonProjectile.uasset'
[2017.07.26-17.29.17:244][744]LogSavePackage:Display: Finished SavePackage D:/projects/firstperson/Content/KOC/Blueprints/BP_FirstPersonProjectile.uasset
[2017.07.26-17.29.17:842][802]BlueprintLog: New page: Compile BP_FirstPersonProjectile
[2017.07.26-17.29.27:730][675]LogSlate:Warning: Prevented a slow task dialog from being summoned while a context menu was open
[2017.07.26-17.29.35:072][268]BlueprintLog: New page: Compile BP_FirstPersonPlayer
[2017.07.26-17.29.35:598][296]Cmd: OBJ SAVEPACKAGE PACKAGE="/Game/KOC/Blueprints/BP_FirstPersonPlayer" FILE="D:/projects/firstperson/Content/KOC/Blueprints/BP_FirstPersonPlayer.uasset" SILENT=true
[2017.07.26-17.29.35:653][296]LogSavePackage: Save=53.29ms
[2017.07.26-17.29.35:653][296]LogSavePackage: Moving 'D:/projects/firstperson/Saved/BP_FirstPersonPlayer2CEE999F461CF4658A1A1AA89FBAB470.tmp' to 'D:/projects/firstperson/Content/KOC/Blueprints/BP_FirstPersonPlayer.uasset'
[2017.07.26-17.29.35:654][296]LogSavePackage:Display: Finished SavePackage D:/projects/firstperson/Content/KOC/Blueprints/BP_FirstPersonPlayer.uasset
[2017.07.26-17.29.39:130][588]LogTemp: Repeting last play command: Selected Viewport
[2017.07.26-17.29.39:144][588]LogBlueprintUserMessages: Early PlayInEditor Detection: Level '/Game/FirstPersonBP/Maps/FirstPersonExampleMap.FirstPersonExampleMap:PersistentLevel' has LevelScriptBlueprint '/Game/FirstPersonBP/Maps/FirstPersonExampleMap.FirstPersonExampleMap:PersistentLevel.FirstPersonExampleMap' with GeneratedClass '/Game/FirstPersonBP/Maps/FirstPersonExampleMap.FirstPersonExampleMap_C' with ClassGeneratedBy '/Game/FirstPersonBP/Maps/FirstPersonExampleMap.FirstPersonExampleMap:PersistentLevel.FirstPersonExampleMap'
[2017.07.26-17.29.39:144][588]LogPlayLevel: PlayLevel: No blueprints needed recompiling
[2017.07.26-17.29.39:144][588]PIE: New page: PIE session: FirstPersonExampleMap (Jul 26, 2017, 9:29:39 AM)
[2017.07.26-17.29.39:144][588]LogPlayLevel: Creating play world package: /Game/FirstPersonBP/Maps/UEDPIE_0_FirstPersonExampleMap
[2017.07.26-17.29.39:160][588]LogPlayLevel: PIE: StaticDuplicateObject took: (0.016235s)
[2017.07.26-17.29.39:161][588]LogAIModule: Creating AISystem for world FirstPersonExampleMap
[2017.07.26-17.29.39:161][588]LogPlayLevel: PIE: World Init took: (0.000846s)
[2017.07.26-17.29.39:161][588]LogPlayLevel: PIE: Created PIE world by copying editor world from /Game/FirstPersonBP/Maps/FirstPersonExampleMap.FirstPersonExampleMap to /Game/FirstPersonBP/Maps/UEDPIE_0_FirstPersonExampleMap.FirstPersonExampleMap (0.017371s)
[2017.07.26-17.29.39:204][588]LogInit: XAudio2 using 'DELL ST2320L-C (NVIDIA High Definition Audio)' : 2 channels at 48 kHz using 16 bits per sample (channel mask 0x3)
[2017.07.26-17.29.39:208][588]LogInit: FAudioDevice initialized.
[2017.07.26-17.29.39:240][588]LogLoad: Game class is 'FirstPersonGameMode_C'
[2017.07.26-17.29.39:241][588]LogWorld: Bringing World /Game/FirstPersonBP/Maps/UEDPIE_0_FirstPersonExampleMap.FirstPersonExampleMap up for play (max tick rate 0) at 2017.07.26-13.29.39
[2017.07.26-17.29.39:241][588]LogWorld: Bringing up level for play took: 0.001132
[2017.07.26-17.29.39:244][588]PIE: Info Play in editor start time for /Game/FirstPersonBP/Maps/UEDPIE_0_FirstPersonExampleMap -0.006
[2017.07.26-17.29.39:244][588]LogBlueprintUserMessages: Late PlayInEditor Detection: Level '/Game/FirstPersonBP/Maps/FirstPersonExampleMap.FirstPersonExampleMap:PersistentLevel' has LevelScriptBlueprint '/Game/FirstPersonBP/Maps/FirstPersonExampleMap.FirstPersonExampleMap:PersistentLevel.FirstPersonExampleMap' with GeneratedClass '/Game/FirstPersonBP/Maps/FirstPersonExampleMap.FirstPersonExampleMap_C' with ClassGeneratedBy '/Game/FirstPersonBP/Maps/FirstPersonExampleMap.FirstPersonExampleMap:PersistentLevel.FirstPersonExampleMap'
[2017.07.26-17.29.41:145][763]LogBlueprintUserMessages: Early EndPlayMap Detection: Level '/Game/FirstPersonBP/Maps/FirstPersonExampleMap.FirstPersonExampleMap:PersistentLevel' has LevelScriptBlueprint '/Game/FirstPersonBP/Maps/FirstPersonExampleMap.FirstPersonExampleMap:PersistentLevel.FirstPersonExampleMap' with GeneratedClass '/Game/FirstPersonBP/Maps/FirstPersonExampleMap.FirstPersonExampleMap_C' with ClassGeneratedBy '/Game/FirstPersonBP/Maps/FirstPersonExampleMap.FirstPersonExampleMap:PersistentLevel.FirstPersonExampleMap'
[2017.07.26-17.29.41:192][763]LogBlueprintUserMessages: Late EndPlayMap Detection: Level '/Game/FirstPersonBP/Maps/FirstPersonExampleMap.FirstPersonExampleMap:PersistentLevel' has LevelScriptBlueprint '/Game/FirstPersonBP/Maps/FirstPersonExampleMap.FirstPersonExampleMap:PersistentLevel.FirstPersonExampleMap' with GeneratedClass '/Game/FirstPersonBP/Maps/FirstPersonExampleMap.FirstPersonExampleMap_C' with ClassGeneratedBy '/Game/FirstPersonBP/Maps/FirstPersonExampleMap.FirstPersonExampleMap:PersistentLevel.FirstPersonExampleMap'
[2017.07.26-17.30.33:413][343]BlueprintLog: New page: Compile BP_FirstPersonPlayer
[2017.07.26-17.30.34:952][466]Cmd: OBJ SAVEPACKAGE PACKAGE="/Game/KOC/Blueprints/BP_FirstPersonPlayer" FILE="D:/projects/firstperson/Content/KOC/Blueprints/BP_FirstPersonPlayer.uasset" SILENT=true
[2017.07.26-17.30.35:007][466]LogSavePackage: Save=53.88ms
[2017.07.26-17.30.35:007][466]LogSavePackage: Moving 'D:/projects/firstperson/Saved/BP_FirstPersonPlayerF6FEDBE342BCD7351B89199ED5EA1A27.tmp' to 'D:/projects/firstperson/Content/KOC/Blueprints/BP_FirstPersonPlayer.uasset'
[2017.07.26-17.30.35:009][466]LogSavePackage:Display: Finished SavePackage D:/projects/firstperson/Content/KOC/Blueprints/BP_FirstPersonPlayer.uasset
[2017.07.26-17.30.35:662][526]LogEditorViewport: Clicking on Actor (LMB): BP_Sky_Sphere_C (SkySphereBlueprint)
[2017.07.26-17.30.36:356][585]LogTemp: Repeting last play command: Selected Viewport
[2017.07.26-17.30.36:370][585]LogBlueprintUserMessages: Early PlayInEditor Detection: Level '/Game/FirstPersonBP/Maps/FirstPersonExampleMap.FirstPersonExampleMap:PersistentLevel' has LevelScriptBlueprint '/Game/FirstPersonBP/Maps/FirstPersonExampleMap.FirstPersonExampleMap:PersistentLevel.FirstPersonExampleMap' with GeneratedClass '/Game/FirstPersonBP/Maps/FirstPersonExampleMap.FirstPersonExampleMap_C' with ClassGeneratedBy '/Game/FirstPersonBP/Maps/FirstPersonExampleMap.FirstPersonExampleMap:PersistentLevel.FirstPersonExampleMap'
[2017.07.26-17.30.36:370][585]LogPlayLevel: PlayLevel: No blueprints needed recompiling
[2017.07.26-17.30.36:370][585]PIE: New page: PIE session: FirstPersonExampleMap (Jul 26, 2017, 9:30:36 AM)
[2017.07.26-17.30.36:370][585]LogPlayLevel: Creating play world package: /Game/FirstPersonBP/Maps/UEDPIE_0_FirstPersonExampleMap
[2017.07.26-17.30.36:386][585]LogPlayLevel: PIE: StaticDuplicateObject took: (0.016333s)
[2017.07.26-17.30.36:387][585]LogAIModule: Creating AISystem for world FirstPersonExampleMap
[2017.07.26-17.30.36:387][585]LogPlayLevel: PIE: World Init took: (0.000888s)
[2017.07.26-17.30.36:387][585]LogPlayLevel: PIE: Created PIE world by copying editor world from /Game/FirstPersonBP/Maps/FirstPersonExampleMap.FirstPersonExampleMap to /Game/FirstPersonBP/Maps/UEDPIE_0_FirstPersonExampleMap.FirstPersonExampleMap (0.017487s)
[2017.07.26-17.30.36:427][585]LogInit: XAudio2 using 'DELL ST2320L-C (NVIDIA High Definition Audio)' : 2 channels at 48 kHz using 16 bits per sample (channel mask 0x3)
[2017.07.26-17.30.36:432][585]LogInit: FAudioDevice initialized.
[2017.07.26-17.30.36:461][585]LogLoad: Game class is 'FirstPersonGameMode_C'
[2017.07.26-17.30.36:462][585]LogWorld: Bringing World /Game/FirstPersonBP/Maps/UEDPIE_0_FirstPersonExampleMap.FirstPersonExampleMap up for play (max tick rate 0) at 2017.07.26-13.30.36
[2017.07.26-17.30.36:462][585]LogWorld: Bringing up level for play took: 0.000995
[2017.07.26-17.30.36:464][585]PIE: Info Play in editor start time for /Game/FirstPersonBP/Maps/UEDPIE_0_FirstPersonExampleMap -0.784
[2017.07.26-17.30.36:465][585]LogBlueprintUserMessages: Late PlayInEditor Detection: Level '/Game/FirstPersonBP/Maps/FirstPersonExampleMap.FirstPersonExampleMap:PersistentLevel' has LevelScriptBlueprint '/Game/FirstPersonBP/Maps/FirstPersonExampleMap.FirstPersonExampleMap:PersistentLevel.FirstPersonExampleMap' with GeneratedClass '/Game/FirstPersonBP/Maps/FirstPersonExampleMap.FirstPersonExampleMap_C' with ClassGeneratedBy '/Game/FirstPersonBP/Maps/FirstPersonExampleMap.FirstPersonExampleMap:PersistentLevel.FirstPersonExampleMap'
[2017.07.26-17.30.41:654][149]LogBlueprintUserMessages: Early EndPlayMap Detection: Level '/Game/FirstPersonBP/Maps/FirstPersonExampleMap.FirstPersonExampleMap:PersistentLevel' has LevelScriptBlueprint '/Game/FirstPersonBP/Maps/FirstPersonExampleMap.FirstPersonExampleMap:PersistentLevel.FirstPersonExampleMap' with GeneratedClass '/Game/FirstPersonBP/Maps/FirstPersonExampleMap.FirstPersonExampleMap_C' with ClassGeneratedBy '/Game/FirstPersonBP/Maps/FirstPersonExampleMap.FirstPersonExampleMap:PersistentLevel.FirstPersonExampleMap'
[2017.07.26-17.30.41:691][149]LogBlueprintUserMessages: Late EndPlayMap Detection: Level '/Game/FirstPersonBP/Maps/FirstPersonExampleMap.FirstPersonExampleMap:PersistentLevel' has LevelScriptBlueprint '/Game/FirstPersonBP/Maps/FirstPersonExampleMap.FirstPersonExampleMap:PersistentLevel.FirstPersonExampleMap' with GeneratedClass '/Game/FirstPersonBP/Maps/FirstPersonExampleMap.FirstPersonExampleMap_C' with ClassGeneratedBy '/Game/FirstPersonBP/Maps/FirstPersonExampleMap.FirstPersonExampleMap:PersistentLevel.FirstPersonExampleMap'
[2017.07.26-17.30.46:116][535]LogSavePackage: Save=81.76ms
[2017.07.26-17.30.46:116][535]LogSavePackage: Moving 'D:/projects/firstperson/Saved/FirstPersonExampleMapA7712CE74493D9B425D865B1E6E37C30.tmp' to 'D:/projects/firstperson/Content/FirstPersonBP/Maps/FirstPersonExampleMap.umap'
[2017.07.26-17.30.46:118][535]LogSavePackage:Display: Finished SavePackage D:/projects/firstperson/Content/FirstPersonBP/Maps/FirstPersonExampleMap.umap
[2017.07.26-17.30.46:137][535]Cmd: OBJ SAVEPACKAGE PACKAGE="/Game/FirstPersonBP/Maps/FirstPersonExampleMap_BuiltData" FILE="D:/projects/firstperson/Content/FirstPersonBP/Maps/FirstPersonExampleMap_BuiltData.uasset" SILENT=true
[2017.07.26-17.30.48:899][535]LogSavePackage: Save=2750.73ms
[2017.07.26-17.30.48:899][535]LogSavePackage: Moving 'D:/projects/firstperson/Saved/FirstPersonExampleMap_BuiltDataAF98C5FE4475A874F2B3CCA676C6F3DB.tmp' to 'D:/projects/firstperson/Content/FirstPersonBP/Maps/FirstPersonExampleMap_BuiltData.uasset'
[2017.07.26-17.30.48:900][535]LogSavePackage:Display: Finished SavePackage D:/projects/firstperson/Content/FirstPersonBP/Maps/FirstPersonExampleMap_BuiltData.uasset
[2017.07.26-17.30.52:198][833]LogActorComponent: UnregisterComponent: (/Engine/Transient.EditorFloorComp) Not registered. Aborting.
[2017.07.26-17.30.52:247][833]LogActorComponent: UnregisterComponent: (/Engine/Transient.EditorFloorComp) Not registered. Aborting.
[2017.07.26-17.30.52:287][833]LogWindowsTextInputMethodSystem:Display: IME system now deactivated.
[2017.07.26-17.30.52:454][834]Cmd: QUIT_EDITOR
[2017.07.26-17.30.53:118][834]LogExit: Preparing to exit.
[2017.07.26-17.30.53:869][834]LogExit: Editor shut down
[2017.07.26-17.30.53:869][834]LogExit: Transaction tracking system shut down
[2017.07.26-17.30.53:952][834]LogObj: Freed 0b from 0 cluster array pools.
[2017.07.26-17.30.53:952][834]LogExit: Object subsystem successfully closed.
[2017.07.26-17.30.53:972][834]LogD3D11RHI: Shutdown
[2017.07.26-17.30.53:972][834]LogD3D11RHI: CleanupD3DDevice
[2017.07.26-17.30.54:055][834]LogD3D11RHI: ~FD3D11DynamicRHI
[2017.07.26-17.30.54:067][834]LogHttp:Display: Http module shutting down, but needs to wait on 1 outstanding Http requests:
[2017.07.26-17.30.54:067][834]LogHttp:Display: 	verb=[POST] url=[https://datarouter.ol.epicgames.com/datarouter/api/v1/public/data?SessionID=%7BFDEC88D4-4570-7B31-45C5-9F8864085949%7D&AppID=UEEditor.Rocket.Release&AppVersion=4.14.3-3249277%2B%2B%2BUE4%2BRelease-4.14&UserID=822a24ed4865cb29cef75ea46c8807bb%7C24d2fbd259954ac6b4ec51d3057c120c%7Ca59d3b82-35a8-4791-a9a2-916a193a2c3c&AppEnvironment=datacollector-binary&UploadType=eteventstream] status=Processing
[2017.07.26-17.30.54:069][834]LogModuleManager: Shutting down and abandoning module HierarchicalLODUtilities (245)
[2017.07.26-17.30.54:069][834]LogModuleManager: Shutting down and abandoning module BlueprintGraph (244)
[2017.07.26-17.30.54:069][834]LogModuleManager: Shutting down and abandoning module BlueprintProfiler (243)
[2017.07.26-17.30.54:069][834]LogModuleManager: Shutting down and abandoning module MovieSceneCapture (242)
[2017.07.26-17.30.54:069][834]LogModuleManager: Shutting down and abandoning module HierarchicalLODOutliner (241)
[2017.07.26-17.30.54:069][834]LogModuleManager: Shutting down and abandoning module CrashTracker (240)
[2017.07.26-17.30.54:069][834]LogModuleManager: Shutting down and abandoning module SceneOutliner (239)
[2017.07.26-17.30.54:069][834]LogModuleManager: Shutting down and abandoning module WidgetCarousel (238)
[2017.07.26-17.30.54:069][834]LogModuleManager: Shutting down and abandoning module AddContentDialog (237)
[2017.07.26-17.30.54:069][834]LogDirectoryWatcher: A directory notification for 'C:/Program Files (x86)/Epic Games/4.14/FeaturePacks/' was aborted.
[2017.07.26-17.30.54:087][834]LogModuleManager: Shutting down and abandoning module GameplayTags (236)
[2017.07.26-17.30.54:087][834]LogModuleManager: Shutting down and abandoning module EditorWidgets (235)
[2017.07.26-17.30.54:087][834]LogModuleManager: Shutting down and abandoning module CollectionManager (234)
[2017.07.26-17.30.54:087][834]LogDirectoryWatcher: A directory notification for 'D:/projects/firstperson/Content/Collections/' was aborted.
[2017.07.26-17.30.54:087][834]LogDirectoryWatcher: A directory notification for 'D:/projects/firstperson/Content/Developers/IGMAdmin/Collections/' was aborted.
[2017.07.26-17.30.54:087][834]LogDirectoryWatcher: A directory notification for 'D:/projects/firstperson/Saved/Collections/' was aborted.
[2017.07.26-17.30.54:087][834]LogModuleManager: Shutting down and abandoning module StatsViewer (233)
[2017.07.26-17.30.54:087][834]LogModuleManager: Shutting down and abandoning module FoliageEdit (232)
[2017.07.26-17.30.54:087][834]LogModuleManager: Shutting down and abandoning module LandscapeEditor (231)
[2017.07.26-17.30.54:087][834]LogModuleManager: Shutting down and abandoning module SceneDepthPickerMode (230)
[2017.07.26-17.30.54:087][834]LogModuleManager: Shutting down and abandoning module ActorPickerMode (229)
[2017.07.26-17.30.54:087][834]LogModuleManager: Shutting down and abandoning module GeometryMode (228)
[2017.07.26-17.30.54:087][834]LogModuleManager: Shutting down and abandoning module TextureAlignMode (227)
[2017.07.26-17.30.54:087][834]LogModuleManager: Shutting down and abandoning module BspMode (226)
[2017.07.26-17.30.54:087][834]LogModuleManager: Shutting down and abandoning module HardwareSurvey (225)
[2017.07.26-17.30.54:087][834]LogModuleManager: Shutting down and abandoning module SequenceRecorderSections (224)
[2017.07.26-17.30.54:087][834]LogModuleManager: Shutting down and abandoning module AutomationWorker (223)
[2017.07.26-17.30.54:087][834]LogModuleManager: Shutting down and abandoning module MatineeToLevelSequence (222)
[2017.07.26-17.30.54:087][834]LogModuleManager: Shutting down and abandoning module PlacementMode (221)
[2017.07.26-17.30.54:087][834]LogModuleManager: Shutting down and abandoning module LevelSequenceEditor (220)
[2017.07.26-17.30.54:087][834]LogModuleManager: Shutting down and abandoning module WmfMediaFactory (219)
[2017.07.26-17.30.54:087][834]LogModuleManager: Shutting down and abandoning module WmfMediaEditor (218)
[2017.07.26-17.30.54:087][834]LogModuleManager: Shutting down and abandoning module AvfMediaFactory (217)
[2017.07.26-17.30.54:087][834]LogModuleManager: Shutting down and abandoning module AvfMediaEditor (216)
[2017.07.26-17.30.54:087][834]LogModuleManager: Shutting down and abandoning module Media (215)
[2017.07.26-17.30.54:087][834]LogModuleManager: Shutting down and abandoning module AndroidMediaFactory (214)
[2017.07.26-17.30.54:087][834]LogModuleManager: Shutting down and abandoning module AndroidMediaEditor (213)
[2017.07.26-17.30.54:087][834]LogModuleManager: Shutting down and abandoning module CharacterAI (212)
[2017.07.26-17.30.54:087][834]LogModuleManager: Shutting down and abandoning module SequenceRecorder (211)
[2017.07.26-17.30.54:087][834]LogModuleManager: Shutting down and abandoning module AudioCapture (210)
[2017.07.26-17.30.54:087][834]LogModuleManager: Shutting down and abandoning module SmartSnapping (209)
[2017.07.26-17.30.54:087][834]LogModuleManager: Shutting down and abandoning module SessionServices (208)
[2017.07.26-17.30.54:087][834]LogModuleManager: Shutting down and abandoning module ViewportSnapping (207)
[2017.07.26-17.30.54:087][834]LogModuleManager: Shutting down and abandoning module ViewportInteraction (206)
[2017.07.26-17.30.54:087][834]LogModuleManager: Shutting down and abandoning module LogVisualizer (205)
[2017.07.26-17.30.54:087][834]LogModuleManager: Shutting down and abandoning module GameProjectGeneration (204)
[2017.07.26-17.30.54:087][834]LogModuleManager: Shutting down and abandoning module IntroTutorials (203)
[2017.07.26-17.30.54:087][834]LogModuleManager: Shutting down and abandoning module EditorLiveStreaming (202)
[2017.07.26-17.30.54:087][834]LogModuleManager: Shutting down and abandoning module IOSPlatformEditor (201)
[2017.07.26-17.30.54:087][834]LogModuleManager: Shutting down and abandoning module HTML5PlatformEditor (200)
[2017.07.26-17.30.54:087][834]LogModuleManager: Shutting down and abandoning module AndroidDeviceDetection (199)
[2017.07.26-17.30.54:327][834]LogModuleManager: Shutting down and abandoning module AndroidPlatformEditor (198)
[2017.07.26-17.30.54:327][834]LogModuleManager: Shutting down and abandoning module IOSRuntimeSettings (197)
[2017.07.26-17.30.54:327][834]LogModuleManager: Shutting down and abandoning module AndroidRuntimeSettings (196)
[2017.07.26-17.30.54:327][834]LogModuleManager: Shutting down and abandoning module InputBindingEditor (195)
[2017.07.26-17.30.54:327][834]LogModuleManager: Shutting down and abandoning module NiagaraEditor (194)
[2017.07.26-17.30.54:327][834]LogModuleManager: Shutting down and abandoning module MergeActors (193)
[2017.07.26-17.30.54:327][834]LogModuleManager: Shutting down and abandoning module SizeMap (192)
[2017.07.26-17.30.54:327][834]LogModuleManager: Shutting down and abandoning module TreeMap (191)
[2017.07.26-17.30.54:327][834]LogModuleManager: Shutting down and abandoning module ReferenceViewer (190)
[2017.07.26-17.30.54:327][834]LogModuleManager: Shutting down and abandoning module LocalizationService (189)
[2017.07.26-17.30.54:327][834]LogModuleManager: Shutting down and abandoning module LocalizationDashboard (188)
[2017.07.26-17.30.54:327][834]LogModuleManager: Shutting down and abandoning module HardwareTargeting (187)
[2017.07.26-17.30.54:327][834]LogModuleManager: Shutting down and abandoning module DeviceProfileEditor (186)
[2017.07.26-17.30.54:327][834]LogModuleManager: Shutting down and abandoning module UndoHistory (185)
[2017.07.26-17.30.54:327][834]LogModuleManager: Shutting down and abandoning module UserFeedback (184)
[2017.07.26-17.30.54:327][834]LogModuleManager: Shutting down and abandoning module XmlParser (183)
[2017.07.26-17.30.54:327][834]LogModuleManager: Shutting down and abandoning module Blutility (182)
[2017.07.26-17.30.54:327][834]LogModuleManager: Shutting down and abandoning module ProjectTargetPlatformEditor (181)
[2017.07.26-17.30.54:327][834]LogModuleManager: Shutting down and abandoning module ProjectSettingsViewer (180)
[2017.07.26-17.30.54:327][834]LogModuleManager: Shutting down and abandoning module EditorSettingsViewer (179)
[2017.07.26-17.30.54:327][834]LogModuleManager: Shutting down and abandoning module SettingsEditor (178)
[2017.07.26-17.30.54:327][834]LogModuleManager: Shutting down and abandoning module ProjectLauncher (177)
[2017.07.26-17.30.54:327][834]LogModuleManager: Shutting down and abandoning module SessionFrontend (176)
[2017.07.26-17.30.54:327][834]LogModuleManager: Shutting down and abandoning module ProfilerClient (175)
[2017.07.26-17.30.54:327][834]LogModuleManager: Shutting down and abandoning module TargetDeviceServices (174)
[2017.07.26-17.30.54:327][834]LogModuleManager: Shutting down and abandoning module DeviceManager (173)
[2017.07.26-17.30.54:381][834]LogModuleManager: Shutting down and abandoning module AutomationController (172)
[2017.07.26-17.30.54:381][834]LogModuleManager: Shutting down and abandoning module AutomationWindow (171)
[2017.07.26-17.30.54:381][834]LogModuleManager: Shutting down and abandoning module Layers (170)
[2017.07.26-17.30.54:381][834]LogModuleManager: Shutting down and abandoning module ComponentVisualizers (169)
[2017.07.26-17.30.54:381][834]LogModuleManager: Shutting down and abandoning module DetailCustomizations (168)
[2017.07.26-17.30.54:381][834]LogModuleManager: Shutting down and abandoning module PackagesDialog (167)
[2017.07.26-17.30.54:381][834]LogModuleManager: Shutting down and abandoning module AnimGraph (166)
[2017.07.26-17.30.54:381][834]LogModuleManager: Shutting down and abandoning module Persona (165)
[2017.07.26-17.30.54:381][834]LogModuleManager: Shutting down and abandoning module Kismet (164)
[2017.07.26-17.30.54:384][834]LogModuleManager: Shutting down and abandoning module GraphEditor (163)
[2017.07.26-17.30.54:386][834]LogModuleManager: Shutting down and abandoning module ClassViewer (162)
[2017.07.26-17.30.54:386][834]LogModuleManager: Shutting down and abandoning module Toolbox (161)
[2017.07.26-17.30.54:386][834]LogModuleManager: Shutting down and abandoning module ModuleUI (160)
[2017.07.26-17.30.54:386][834]LogModuleManager: Shutting down and abandoning module MovieSceneTools (159)
[2017.07.26-17.30.54:386][834]LogModuleManager: Shutting down and abandoning module OutputLog (158)
[2017.07.26-17.30.54:386][834]LogModuleManager: Shutting down and abandoning module GammaUI (157)
[2017.07.26-17.30.54:386][834]LogModuleManager: Shutting down and abandoning module Documentation (156)
[2017.07.26-17.30.54:386][834]LogModuleManager: Shutting down and abandoning module Niagara (155)
[2017.07.26-17.30.54:386][834]LogModuleManager: Shutting down and abandoning module StreamingPauseRendering (154)
[2017.07.26-17.30.54:386][834]LogModuleManager: Shutting down and abandoning module AnalyticsET (153)
[2017.07.26-17.30.54:386][834]LogModuleManager: Shutting down and abandoning module PortalServices (152)
[2017.07.26-17.30.54:386][834]LogModuleManager: Shutting down and abandoning module PortalRpc (151)
[2017.07.26-17.30.54:386][834]LogModuleManager: Shutting down and abandoning module MessagingRpc (150)
[2017.07.26-17.30.54:386][834]LogModuleManager: Shutting down and abandoning module GameplayDebugger (149)
[2017.07.26-17.30.54:386][834]LogModuleManager: Shutting down and abandoning module AITestSuite (148)
[2017.07.26-17.30.54:386][834]LogModuleManager: Shutting down and abandoning module AIModule (147)
[2017.07.26-17.30.54:386][834]LogModuleManager: Shutting down and abandoning module ProfilerService (146)
[2017.07.26-17.30.54:413][834]LogModuleManager: Shutting down and abandoning module TaskGraph (145)
[2017.07.26-17.30.54:413][834]LogModuleManager: Shutting down and abandoning module SlateRemote (144)
[2017.07.26-17.30.54:413][834]LogModuleManager: Shutting down and abandoning module SteamVRController (143)
[2017.07.26-17.30.54:413][834]LogModuleManager: Shutting down and abandoning module SteamVR (142)
[2017.07.26-17.30.54:413][834]LogModuleManager: Shutting down and abandoning module ProceduralMeshComponentEditor (141)
[2017.07.26-17.30.54:413][834]LogModuleManager: Shutting down and abandoning module ProceduralMeshComponent (140)
[2017.07.26-17.30.54:413][834]LogModuleManager: Shutting down and abandoning module OculusLibrary (139)
[2017.07.26-17.30.54:413][834]LogModuleManager: Shutting down and abandoning module OculusInput (138)
[2017.07.26-17.30.54:413][834]LogModuleManager: Shutting down and abandoning module MobilePatchingUtils (137)
[2017.07.26-17.30.54:413][834]LogModuleManager: Shutting down and abandoning module CustomMeshComponent (136)
[2017.07.26-17.30.54:413][834]LogModuleManager: Shutting down and abandoning module CableComponent (135)
[2017.07.26-17.30.54:413][834]LogModuleManager: Shutting down and abandoning module ArchVisCharacter (134)
[2017.07.26-17.30.54:413][834]LogModuleManager: Shutting down and abandoning module MediaPlayerEditor (132)
[2017.07.26-17.30.54:413][834]LogModuleManager: Shutting down and abandoning module HTML5Networking (131)
[2017.07.26-17.30.54:413][834]LogModuleManager: Shutting down and abandoning module GeometryCacheEd (130)
[2017.07.26-17.30.54:413][834]LogModuleManager: Shutting down and abandoning module GeometryCache (129)
[2017.07.26-17.30.54:413][834]LogModuleManager: Shutting down and abandoning module AlembicLibrary (128)
[2017.07.26-17.30.54:413][834]LogModuleManager: Shutting down and abandoning module AlembicImporter (127)
[2017.07.26-17.30.54:413][834]LogModuleManager: Shutting down and abandoning module SuperSearch (126)
[2017.07.26-17.30.54:413][834]LogModuleManager: Shutting down and abandoning module SuperSearchEditor (125)
[2017.07.26-17.30.54:413][834]LogModuleManager: Shutting down and abandoning module SpeedTreeImporter (124)
[2017.07.26-17.30.54:413][834]LogModuleManager: Shutting down and abandoning module PluginBrowser (123)
[2017.07.26-17.30.54:413][834]LogModuleManager: Shutting down and abandoning module MobileLauncherProfileWizard (122)
[2017.07.26-17.30.54:413][834]LogModuleManager: Shutting down and abandoning module EpicSurvey (121)
[2017.07.26-17.30.54:413][834]LogModuleManager: Shutting down and abandoning module DesktopPlatform (120)
[2017.07.26-17.30.54:413][834]LogModuleManager: Shutting down and abandoning module VisualStudioSourceCodeAccess (119)
[2017.07.26-17.30.54:413][834]LogModuleManager: Shutting down and abandoning module UObjectPlugin (118)
[2017.07.26-17.30.54:413][834]LogModuleManager: Shutting down and abandoning module SubversionSourceControl (117)
[2017.07.26-17.30.54:413][834]LogModuleManager: Shutting down and abandoning module PerforceSourceControl (116)
[2017.07.26-17.30.54:413][834]LogModuleManager: Shutting down and abandoning module SourceControl (115)
[2017.07.26-17.30.54:413][834]LogModuleManager: Shutting down and abandoning module GitSourceControl (114)
[2017.07.26-17.30.54:413][834]LogModuleManager: Shutting down and abandoning module LightPropagationVolumeEditor (113)
[2017.07.26-17.30.54:413][834]LogModuleManager: Shutting down and abandoning module PaperTiledImporter (112)
[2017.07.26-17.30.54:413][834]LogModuleManager: Shutting down and abandoning module PaperSpriteSheetImporter (111)
[2017.07.26-17.30.54:413][834]LogModuleManager: Shutting down and abandoning module MeshPaint (110)
[2017.07.26-17.30.54:413][834]LogModuleManager: Shutting down and abandoning module PixelInspectorModule (109)
[2017.07.26-17.30.54:413][834]LogModuleManager: Shutting down and abandoning module HotReload (108)
[2017.07.26-17.30.54:414][834]LogModuleManager: Shutting down and abandoning module MainFrame (107)
[2017.07.26-17.30.54:414][834]LogModuleManager: Shutting down and abandoning module LevelEditor (106)
[2017.07.26-17.30.54:415][834]LogModuleManager: Shutting down and abandoning module ContentBrowser (105)
[2017.07.26-17.30.54:415][834]LogModuleManager: Shutting down and abandoning module Paper2DEditor (104)
[2017.07.26-17.30.54:415][834]LogModuleManager: Shutting down and abandoning module UdpMessaging (103)
[2017.07.26-17.30.54:516][834]LogModuleManager: Shutting down and abandoning module TcpMessaging (102)
[2017.07.26-17.30.54:616][834]LogModuleManager: Shutting down and abandoning module LightPropagationVolumeRuntime (101)
[2017.07.26-17.30.54:616][834]LogModuleManager: Shutting down and abandoning module Paper2D (100)
[2017.07.26-17.30.54:616][834]LogModuleManager: Shutting down and abandoning module WindowsMoviePlayer (99)
[2017.07.26-17.30.54:616][834]LogModuleManager: Shutting down and abandoning module WmfMedia (98)
[2017.07.26-17.30.54:616][834]LogModuleManager: Shutting down and abandoning module MediaAssets (97)
[2017.07.26-17.30.54:616][834]LogModuleManager: Shutting down and abandoning module GameLiveStreaming (96)
[2017.07.26-17.30.54:616][834]LogModuleManager: Shutting down and abandoning module GameplayTagsEditor (95)
[2017.07.26-17.30.54:616][834]LogModuleManager: Shutting down and abandoning module VREditor (94)
[2017.07.26-17.30.54:616][834]LogModuleManager: Shutting down and abandoning module GameplayTasksEditor (93)
[2017.07.26-17.30.54:616][834]LogModuleManager: Shutting down and abandoning module BehaviorTreeEditor (92)
[2017.07.26-17.30.54:616][834]LogModuleManager: Shutting down and abandoning module FunctionalTesting (91)
[2017.07.26-17.30.54:616][834]LogModuleManager: Shutting down and abandoning module CollisionAnalyzer (90)
[2017.07.26-17.30.54:616][834]LogModuleManager: Shutting down and abandoning module Sequencer (89)
[2017.07.26-17.30.54:616][834]LogModuleManager: Shutting down and abandoning module WorkspaceMenuStructure (88)
[2017.07.26-17.30.54:616][834]LogModuleManager: Shutting down and abandoning module MessageLog (87)
[2017.07.26-17.30.54:616][834]LogModuleManager: Shutting down and abandoning module AssetTools (86)
[2017.07.26-17.30.54:616][834]LogModuleManager: Shutting down and abandoning module UMGEditor (85)
[2017.07.26-17.30.54:616][834]LogModuleManager: Shutting down and abandoning module UMG (84)
[2017.07.26-17.30.54:616][834]LogModuleManager: Shutting down and abandoning module SlateReflector (83)
[2017.07.26-17.30.54:616][834]LogModuleManager: Shutting down and abandoning module Slate (82)
[2017.07.26-17.30.54:616][834]LogModuleManager: Shutting down and abandoning module EditorStyle (81)
[2017.07.26-17.30.54:618][834]LogModuleManager: Shutting down and abandoning module SourceCodeAccess (80)
[2017.07.26-17.30.54:618][834]LogModuleManager: Shutting down and abandoning module HeadMountedDisplay (79)
[2017.07.26-17.30.54:618][834]LogModuleManager: Shutting down and abandoning module XAudio2 (78)
[2017.07.26-17.30.54:618][834]LogModuleManager: Shutting down and abandoning module Networking (76)
[2017.07.26-17.30.54:618][834]LogModuleManager: Shutting down and abandoning module Core (75)
[2017.07.26-17.30.54:618][834]LogModuleManager: Shutting down and abandoning module DirectoryWatcher (74)
[2017.07.26-17.30.54:618][834]LogDirectoryWatcher: A directory notification for '../../../Engine/Content/' was aborted.
[2017.07.26-17.30.54:618][834]LogDirectoryWatcher: A directory notification for 'D:/projects/firstperson/Content/' was aborted.
[2017.07.26-17.30.54:618][834]LogDirectoryWatcher: A directory notification for '../../../Engine/Plugins/2D/Paper2D/Content/' was aborted.
[2017.07.26-17.30.54:619][834]LogModuleManager: Shutting down and abandoning module AssetRegistry (73)
[2017.07.26-17.30.54:744][834]LogModuleManager: Shutting down and abandoning module KismetCompiler (72)
[2017.07.26-17.30.54:744][834]LogModuleManager: Shutting down and abandoning module PhysXFormats (71)
[2017.07.26-17.30.54:744][834]LogModuleManager: Shutting down and abandoning module SimplygonSwarm (70)
[2017.07.26-17.30.54:744][834]LogModuleManager: Shutting down and abandoning module SimplygonMeshReduction (69)
[2017.07.26-17.30.54:744][834]LogModuleManager: Shutting down and abandoning module QuadricMeshReduction (68)
[2017.07.26-17.30.54:744][834]LogModuleManager: Shutting down and abandoning module PropertyEditor (67)
[2017.07.26-17.30.54:744][834]LogModuleManager: Shutting down and abandoning module MeshUtilities (66)
[2017.07.26-17.30.54:745][834]LogModuleManager: Shutting down and abandoning module DerivedDataCache (65)
[2017.07.26-17.30.54:838][834]LogDerivedDataCache: Shutdown
[2017.07.26-17.30.54:838][834]LogModuleManager: Shutting down and abandoning module VulkanShaderFormat (64)
[2017.07.26-17.30.54:838][834]LogModuleManager: Shutting down and abandoning module ShaderFormatOpenGL (63)
[2017.07.26-17.30.54:838][834]LogModuleManager: Shutting down and abandoning module ShaderFormatD3D (62)
[2017.07.26-17.30.54:838][834]LogModuleManager: Shutting down and abandoning module MetalShaderFormat (61)
[2017.07.26-17.30.54:838][834]LogModuleManager: Shutting down and abandoning module TextureFormatUncompressed (60)
[2017.07.26-17.30.54:838][834]LogModuleManager: Shutting down and abandoning module TextureFormatPVR (59)
[2017.07.26-17.30.54:838][834]LogModuleManager: Shutting down and abandoning module TextureFormatDXT (58)
[2017.07.26-17.30.54:838][834]LogModuleManager: Shutting down and abandoning module TextureFormatIntelISPCTexComp (57)
[2017.07.26-17.30.54:838][834]LogModuleManager: Shutting down and abandoning module ImageWrapper (56)
[2017.07.26-17.30.54:838][834]LogModuleManager: Shutting down and abandoning module TextureFormatASTC (55)
[2017.07.26-17.30.54:838][834]LogModuleManager: Shutting down and abandoning module TextureFormatAndroid (54)
[2017.07.26-17.30.54:838][834]LogModuleManager: Shutting down and abandoning module AudioFormatOpus (53)
[2017.07.26-17.30.54:838][834]LogModuleManager: Shutting down and abandoning module AudioFormatOgg (52)
[2017.07.26-17.30.54:838][834]LogModuleManager: Shutting down and abandoning module AudioFormatADPCM (51)
[2017.07.26-17.30.54:838][834]LogModuleManager: Shutting down and abandoning module LinuxTargetPlatform (50)
[2017.07.26-17.30.54:838][834]LogModuleManager: Shutting down and abandoning module LinuxServerTargetPlatform (49)
[2017.07.26-17.30.54:838][834]LogModuleManager: Shutting down and abandoning module LinuxNoEditorTargetPlatform (48)
[2017.07.26-17.30.54:838][834]LogModuleManager: Shutting down and abandoning module LinuxClientTargetPlatform (47)
[2017.07.26-17.30.54:838][834]LogModuleManager: Shutting down and abandoning module TVOSTargetPlatform (46)
[2017.07.26-17.30.54:838][834]LogModuleManager: Shutting down and abandoning module Messaging (45)
[2017.07.26-17.30.54:838][834]LogModuleManager: Shutting down and abandoning module IOSTargetPlatform (44)
[2017.07.26-17.30.54:838][834]LogModuleManager: Shutting down and abandoning module HTML5TargetPlatform (43)
[2017.07.26-17.30.54:838][834]LogModuleManager: Shutting down and abandoning module Android_PVRTCTargetPlatform (42)
[2017.07.26-17.30.54:838][834]LogModuleManager: Shutting down and abandoning module Android_MultiTargetPlatform (41)
[2017.07.26-17.30.54:838][834]LogModuleManager: Shutting down and abandoning module Android_ETC2TargetPlatform (40)
[2017.07.26-17.30.54:838][834]LogModuleManager: Shutting down and abandoning module Android_ETC1TargetPlatform (39)
[2017.07.26-17.30.54:838][834]LogModuleManager: Shutting down and abandoning module Android_DXTTargetPlatform (38)
[2017.07.26-17.30.54:838][834]LogModuleManager: Shutting down and abandoning module Android_ATCTargetPlatform (37)
[2017.07.26-17.30.54:838][834]LogModuleManager: Shutting down and abandoning module Android_ASTCTargetPlatform (36)
[2017.07.26-17.30.54:838][834]LogModuleManager: Shutting down and abandoning module AndroidTargetPlatform (35)
[2017.07.26-17.30.54:838][834]LogModuleManager: Shutting down and abandoning module WindowsTargetPlatform (34)
[2017.07.26-17.30.54:839][834]LogModuleManager: Shutting down and abandoning module WindowsServerTargetPlatform (33)
[2017.07.26-17.30.54:839][834]LogModuleManager: Shutting down and abandoning module WindowsNoEditorTargetPlatform (32)
[2017.07.26-17.30.54:839][834]LogModuleManager: Shutting down and abandoning module WindowsClientTargetPlatform (31)
[2017.07.26-17.30.54:839][834]LogModuleManager: Shutting down and abandoning module MacTargetPlatform (30)
[2017.07.26-17.30.54:839][834]LogModuleManager: Shutting down and abandoning module MacServerTargetPlatform (29)
[2017.07.26-17.30.54:839][834]LogModuleManager: Shutting down and abandoning module MacNoEditorTargetPlatform (28)
[2017.07.26-17.30.54:839][834]LogModuleManager: Shutting down and abandoning module MacClientTargetPlatform (27)
[2017.07.26-17.30.54:839][834]LogModuleManager: Shutting down and abandoning module AllDesktopTargetPlatform (26)
[2017.07.26-17.30.54:839][834]LogModuleManager: Shutting down and abandoning module TargetPlatform (25)
[2017.07.26-17.30.54:839][834]LogModuleManager: Shutting down and abandoning module InputCore (24)
[2017.07.26-17.30.54:839][834]LogModuleManager: Shutting down and abandoning module Settings (23)
[2017.07.26-17.30.54:839][834]LogModuleManager: Shutting down and abandoning module OculusRift (22)
[2017.07.26-17.30.54:839][834]LogModuleManager: Shutting down and abandoning module ExampleDeviceProfileSelector (21)
[2017.07.26-17.30.54:839][834]LogModuleManager: Shutting down and abandoning module OnlineBlueprintSupport (20)
[2017.07.26-17.30.54:839][834]LogModuleManager: Shutting down and abandoning module OnlineSubsystem (18)
[2017.07.26-17.30.54:839][834]LogOnline:Display: Unloading online subsystem: NULL
[2017.07.26-17.30.54:839][834]LogModuleManager: Shutting down and abandoning module SSL (17)
[2017.07.26-17.30.54:840][834]LogModuleManager: Shutting down and abandoning module HTTP (16)
[2017.07.26-17.30.54:840][834]LogModuleManager: Shutting down and abandoning module XMPP (15)
[2017.07.26-17.30.54:840][834]LogModuleManager: Shutting down and abandoning module TextureCompressor (14)
[2017.07.26-17.30.54:840][834]LogModuleManager: Shutting down and abandoning module ShaderCore (13)
[2017.07.26-17.30.54:840][834]LogModuleManager: Shutting down and abandoning module Landscape (12)
[2017.07.26-17.30.54:840][834]LogModuleManager: Shutting down and abandoning module SlateRHIRenderer (11)
[2017.07.26-17.30.54:842][834]LogModuleManager: Shutting down and abandoning module OpenGLDrv (10)
[2017.07.26-17.30.54:842][834]LogModuleManager: Shutting down and abandoning module D3D11RHI (9)
[2017.07.26-17.30.54:842][834]LogModuleManager: Shutting down and abandoning module AnimGraphRuntime (8)
[2017.07.26-17.30.54:842][834]LogModuleManager: Shutting down and abandoning module Renderer (7)
[2017.07.26-17.30.54:842][834]LogModuleManager: Shutting down and abandoning module Engine (6)
[2017.07.26-17.30.54:842][834]LogModuleManager: Shutting down and abandoning module CoreUObject (5)
[2017.07.26-17.30.54:842][834]LogModuleManager: Shutting down and abandoning module NetworkFile (4)
[2017.07.26-17.30.54:842][834]LogModuleManager: Shutting down and abandoning module StreamingFile (3)
[2017.07.26-17.30.54:842][834]LogModuleManager: Shutting down and abandoning module SandboxFile (2)
[2017.07.26-17.30.54:842][834]LogModuleManager: Shutting down and abandoning module PakFile (1)
[2017.07.26-17.30.54:843][834]LogExit: Exiting.
[2017.07.26-17.30.54:851][834]Log file closed, 07/26/17 13:30:54
